2023-09-28 22:37:08,148 - train_final_voc_imagenet_21k.py - INFO: Pytorch version: 1.13.1+cu117
2023-09-28 22:37:08,248 - train_final_voc_imagenet_21k.py - INFO: GPU type: NVIDIA GeForce RTX 3090
2023-09-28 22:37:08,248 - train_final_voc_imagenet_21k.py - INFO: 
args: Namespace(aux_layer=-3, backbone='vit_base_patch16_224', backend='nccl', betas=(0.9, 0.999), bkg_thre=0.5, cam_iters=2000, cam_scales=(1.0, 0.5, 1.5), ckpt_dir='work_dir_voc_wseg/2023-09-28-22-37-08-148406train_final_voc_21k/checkpoints', comment='train_final_voc_21k', crop_size=448, data_folder='/media/store/wyc/Dataset/VOC2012/images', eval_iters=2000, gamma=0.95, gmm_iters=8000, gmm_valid_thre=1.0, high_thre=0.7, ignore_index=255, list_folder='datasets/voc', log_iters=200, low_thre=0.25, lr=6e-05, max_iters=20000, num_classes=21, num_workers=10, optimizer='PolyWarmupAdamW', pooling='gmp', power=0.9, pred_dir='work_dir_voc_wseg/2023-09-28-22-37-08-148406train_final_voc_21k/predictions', pretrained=True, samples_per_gpu=2, save_ckpt=True, scales=(0.5, 2), seed=0, train_set='train_aug', val_set='val', w_ptc=0.2, w_seg=0.2, w_seg_diff=2.0, warmup_iters=1500, warmup_lr=1e-06, work_dir='work_dir_voc_wseg/2023-09-28-22-37-08-148406train_final_voc_21k', wt_decay=0.01)
2023-09-28 22:37:08,250 - distributed_c10d.py - INFO: Added key: store_based_barrier_key:1 to store for rank: 0
2023-09-28 22:37:08,260 - distributed_c10d.py - INFO: Rank 0: Completed store-based barrier for key:store_based_barrier_key:1 with 2 nodes.
2023-09-28 22:37:08,262 - train_final_voc_imagenet_21k.py - INFO: Total gpus: 2, samples per gpu: 2...
2023-09-28 22:37:11,803 - helpers.py - INFO: Loading pretrained weights from url (https://github.com/rwightman/pytorch-image-models/releases/download/v0.1-vitjx/jx_vit_base_p16_224-80ecf9dd.pth)
2023-09-28 22:37:13,601 - helpers.py - INFO: Loading pretrained weights from url (https://github.com/rwightman/pytorch-image-models/releases/download/v0.1-vitjx/jx_vit_base_p16_224-80ecf9dd.pth)
2023-09-28 22:37:16,096 - train_final_voc_imagenet_21k.py - INFO: 
Optimizer: 
PolyWarmupAdamW (
Parameter Group 0
    amsgrad: False
    betas: (0.9, 0.999)
    capturable: False
    eps: 1e-08
    foreach: None
    lr: 6e-05
    maximize: False
    weight_decay: 0.01

Parameter Group 1
    amsgrad: False
    betas: (0.9, 0.999)
    capturable: False
    eps: 1e-08
    foreach: None
    lr: 6e-05
    maximize: False
    weight_decay: 0.01

Parameter Group 2
    amsgrad: False
    betas: (0.9, 0.999)
    capturable: False
    eps: 1e-08
    foreach: None
    lr: 0.0006000000000000001
    maximize: False
    weight_decay: 0.01

Parameter Group 3
    amsgrad: False
    betas: (0.9, 0.999)
    capturable: False
    eps: 1e-08
    foreach: None
    lr: 0.0006000000000000001
    maximize: False
    weight_decay: 0.01
)
2023-09-28 22:40:31,042 - train_final_voc_imagenet_21k.py - INFO: 
Iter: 200; Elasped: 0:03:23; ETA: 5:34:57; LR: 7.960e-06; cls_loss: 19.3768 | ptc_loss: 0.8220 | seg_loss: 1.0000 | sim_loss: 3.9067
2023-09-28 22:43:45,017 - train_final_voc_imagenet_21k.py - INFO: 
Iter: 400; Elasped: 0:06:37; ETA: 5:24:13; LR: 1.596e-05; cls_loss: 2.1451 | ptc_loss: 0.8313 | seg_loss: 1.0000 | sim_loss: 3.5482
2023-09-28 22:46:53,617 - train_final_voc_imagenet_21k.py - INFO: 
Iter: 600; Elasped: 0:09:45; ETA: 5:15:15; LR: 2.396e-05; cls_loss: 1.0152 | ptc_loss: 0.7813 | seg_loss: 1.0000 | sim_loss: 3.2189
2023-09-28 22:49:59,229 - train_final_voc_imagenet_21k.py - INFO: 
Iter: 800; Elasped: 0:12:51; ETA: 5:08:24; LR: 3.196e-05; cls_loss: 0.7976 | ptc_loss: 0.7847 | seg_loss: 1.0000 | sim_loss: 2.9511
2023-09-28 22:53:02,496 - train_final_voc_imagenet_21k.py - INFO: 
Iter: 1000; Elasped: 0:15:54; ETA: 5:02:06; LR: 3.996e-05; cls_loss: 0.6794 | ptc_loss: 0.7829 | seg_loss: 1.0000 | sim_loss: 2.6907
2023-09-28 22:56:05,785 - train_final_voc_imagenet_21k.py - INFO: 
Iter: 1200; Elasped: 0:18:57; ETA: 4:56:53; LR: 4.796e-05; cls_loss: 0.6385 | ptc_loss: 0.7759 | seg_loss: 1.0000 | sim_loss: 2.3994
2023-09-28 22:59:09,699 - train_final_voc_imagenet_21k.py - INFO: 
Iter: 1400; Elasped: 0:22:01; ETA: 4:52:30; LR: 5.596e-05; cls_loss: 0.5448 | ptc_loss: 0.7406 | seg_loss: 1.0000 | sim_loss: 2.0600
2023-09-28 23:02:16,201 - train_final_voc_imagenet_21k.py - INFO: 
Iter: 1600; Elasped: 0:25:08; ETA: 4:49:02; LR: 5.566e-05; cls_loss: 0.5354 | ptc_loss: 0.6966 | seg_loss: 1.0000 | sim_loss: 1.6182
2023-09-28 23:05:23,019 - train_final_voc_imagenet_21k.py - INFO: 
Iter: 1800; Elasped: 0:28:15; ETA: 4:45:38; LR: 5.512e-05; cls_loss: 0.5378 | ptc_loss: 0.6616 | seg_loss: 1.0000 | sim_loss: 1.2690
2023-09-28 23:08:29,178 - train_final_voc_imagenet_21k.py - INFO: 
Iter: 2000; Elasped: 0:31:21; ETA: 4:42:09; LR: 5.457e-05; cls_loss: 0.4604 | ptc_loss: 0.5316 | seg_loss: 1.0000 | sim_loss: 0.9904
2023-09-28 23:08:30,207 - train_final_voc_imagenet_21k.py - INFO: Validating...
2023-09-28 23:17:50,196 - train_final_voc_imagenet_21k.py - INFO: val cls score of branch #1: 0.875880
2023-09-28 23:17:50,197 - train_final_voc_imagenet_21k.py - INFO: val cls score of branch #2: 0.866907
2023-09-28 23:17:50,197 - train_final_voc_imagenet_21k.py - INFO: 
+-----------+--------+-----------+-------+--------+-----------+-------+
|   Class   | CAM_1  | aux_CAM_1 | Seg_1 | CAM_2  | aux_CAM_2 | Seg_2 |
+===========+========+===========+=======+========+===========+=======+
| bg        | 69.505 | 80.254    | 0.091 | 78.900 | 83.082    | 0.470 |
+-----------+--------+-----------+-------+--------+-----------+-------+
| aeroplane | 35.577 | 9.202     | 1.487 | 48.859 | 56.450    | 0     |
+-----------+--------+-----------+-------+--------+-----------+-------+
| bicycle   | 33.311 | 38.593    | 0.608 | 36.548 | 31.974    | 0.089 |
+-----------+--------+-----------+-------+--------+-----------+-------+
| bird      | 20.278 | 40.172    | 0.684 | 41.599 | 58.461    | 1.006 |
+-----------+--------+-----------+-------+--------+-----------+-------+
| boat      | 17.413 | 20.202    | 1.253 | 37.276 | 33.395    | 0.009 |
+-----------+--------+-----------+-------+--------+-----------+-------+
| bottle    | 30.682 | 0.479     | 0     | 56.439 | 47.267    | 0.286 |
+-----------+--------+-----------+-------+--------+-----------+-------+
| bus       | 79.734 | 77.943    | 0     | 80.392 | 76.795    | 0.538 |
+-----------+--------+-----------+-------+--------+-----------+-------+
| car       | 65.003 | 61.967    | 0     | 74.653 | 68.549    | 1.131 |
+-----------+--------+-----------+-------+--------+-----------+-------+
| cat       | 83.335 | 67.949    | 0.184 | 84.393 | 69.642    | 2.484 |
+-----------+--------+-----------+-------+--------+-----------+-------+
| chair     | 32.942 | 34.785    | 0.008 | 25.707 | 19.267    | 0.001 |
+-----------+--------+-----------+-------+--------+-----------+-------+
| cow       | 72.286 | 57.342    | 0.932 | 79.785 | 76.697    | 0     |
+-----------+--------+-----------+-------+--------+-----------+-------+
| table     | 42.736 | 43.979    | 0.000 | 53.617 | 51.442    | 0.144 |
+-----------+--------+-----------+-------+--------+-----------+-------+
| dog       | 79.992 | 79.857    | 1.355 | 81.094 | 80.170    | 0.027 |
+-----------+--------+-----------+-------+--------+-----------+-------+
| horse     | 57.258 | 23.310    | 0     | 73.195 | 77.030    | 0     |
+-----------+--------+-----------+-------+--------+-----------+-------+
| motorbike | 55.634 | 67.239    | 0.780 | 62.847 | 65.171    | 0.071 |
+-----------+--------+-----------+-------+--------+-----------+-------+
| person    | 60.559 | 69.665    | 1.119 | 69.053 | 66.054    | 0.280 |
+-----------+--------+-----------+-------+--------+-----------+-------+
| plant     | 21.606 | 30.246    | 0     | 11.404 | 19.571    | 0.078 |
+-----------+--------+-----------+-------+--------+-----------+-------+
| sheep     | 74.366 | 55.322    | 0.058 | 77.346 | 72.876    | 0.181 |
+-----------+--------+-----------+-------+--------+-----------+-------+
| sofa      | 38.493 | 57.925    | 3.632 | 54.614 | 64.026    | 0.445 |
+-----------+--------+-----------+-------+--------+-----------+-------+
| train     | 54.252 | 55.888    | 3.469 | 55.834 | 55.843    | 7.384 |
+-----------+--------+-----------+-------+--------+-----------+-------+
| tvmonitor | 32.987 | 47.567    | 0.326 | 41.004 | 54.045    | 0.053 |
+-----------+--------+-----------+-------+--------+-----------+-------+
| mIoU      | 50.379 | 48.566    | 0.761 | 58.312 | 58.467    | 0.699 |
+-----------+--------+-----------+-------+--------+-----------+-------+
2023-09-28 23:21:34,460 - train_final_voc_imagenet_21k.py - INFO: 
Iter: 2200; Elasped: 0:44:26; ETA: 5:59:30; LR: 5.403e-05; cls_loss: 0.4760 | ptc_loss: 0.4175 | seg_loss: 1.9489 | sim_loss: 1.1166
2023-09-28 23:25:16,260 - train_final_voc_imagenet_21k.py - INFO: 
Iter: 2400; Elasped: 0:48:08; ETA: 5:52:58; LR: 5.348e-05; cls_loss: 0.4688 | ptc_loss: 0.3494 | seg_loss: 1.2828 | sim_loss: 0.9350
2023-09-28 23:29:00,505 - train_final_voc_imagenet_21k.py - INFO: 
Iter: 2600; Elasped: 0:51:52; ETA: 5:47:06; LR: 5.293e-05; cls_loss: 0.5105 | ptc_loss: 0.3611 | seg_loss: 0.9464 | sim_loss: 0.8231
2023-09-28 23:32:42,316 - train_final_voc_imagenet_21k.py - INFO: 
Iter: 2800; Elasped: 0:55:34; ETA: 5:41:20; LR: 5.239e-05; cls_loss: 0.4377 | ptc_loss: 0.3477 | seg_loss: 0.8000 | sim_loss: 0.7872
2023-09-28 23:36:22,030 - train_final_voc_imagenet_21k.py - INFO: 
Iter: 3000; Elasped: 0:59:14; ETA: 5:35:39; LR: 5.184e-05; cls_loss: 0.4299 | ptc_loss: 0.3365 | seg_loss: 0.8702 | sim_loss: 0.7627
2023-09-28 23:40:01,321 - train_final_voc_imagenet_21k.py - INFO: 
Iter: 3200; Elasped: 1:02:53; ETA: 5:30:08; LR: 5.129e-05; cls_loss: 0.4929 | ptc_loss: 0.3292 | seg_loss: 0.7562 | sim_loss: 0.6657
2023-09-28 23:43:37,202 - train_final_voc_imagenet_21k.py - INFO: 
Iter: 3400; Elasped: 1:06:29; ETA: 5:24:35; LR: 5.074e-05; cls_loss: 0.4586 | ptc_loss: 0.3278 | seg_loss: 0.7016 | sim_loss: 0.6498
2023-09-28 23:47:08,553 - train_final_voc_imagenet_21k.py - INFO: 
Iter: 3600; Elasped: 1:10:00; ETA: 5:18:53; LR: 5.019e-05; cls_loss: 0.3931 | ptc_loss: 0.3220 | seg_loss: 0.7054 | sim_loss: 0.6599
2023-09-28 23:50:38,429 - train_final_voc_imagenet_21k.py - INFO: 
Iter: 3800; Elasped: 1:13:30; ETA: 5:13:20; LR: 4.964e-05; cls_loss: 0.4689 | ptc_loss: 0.3284 | seg_loss: 0.7990 | sim_loss: 0.6476
2023-09-28 23:54:10,476 - train_final_voc_imagenet_21k.py - INFO: 
Iter: 4000; Elasped: 1:17:02; ETA: 5:08:08; LR: 4.909e-05; cls_loss: 0.4166 | ptc_loss: 0.2887 | seg_loss: 0.6425 | sim_loss: 0.6116
2023-09-28 23:54:11,347 - train_final_voc_imagenet_21k.py - INFO: Validating...
2023-09-29 00:03:37,410 - train_final_voc_imagenet_21k.py - INFO: val cls score of branch #1: 0.892126
2023-09-29 00:03:37,411 - train_final_voc_imagenet_21k.py - INFO: val cls score of branch #2: 0.890698
2023-09-29 00:03:37,411 - train_final_voc_imagenet_21k.py - INFO: 
+-----------+--------+-----------+--------+--------+-----------+--------+
|   Class   | CAM_1  | aux_CAM_1 | Seg_1  | CAM_2  | aux_CAM_2 | Seg_2  |
+===========+========+===========+========+========+===========+========+
| bg        | 87.196 | 88.296    | 85.534 | 85.899 | 87.150    | 85.910 |
+-----------+--------+-----------+--------+--------+-----------+--------+
| aeroplane | 62.134 | 64.153    | 56.009 | 58.591 | 72.740    | 61.328 |
+-----------+--------+-----------+--------+--------+-----------+--------+
| bicycle   | 46.164 | 47.096    | 38.639 | 37.679 | 42.230    | 39.346 |
+-----------+--------+-----------+--------+--------+-----------+--------+
| bird      | 62.421 | 72.347    | 61.907 | 56.330 | 78.091    | 56.783 |
+-----------+--------+-----------+--------+--------+-----------+--------+
| boat      | 31.881 | 45.336    | 26.170 | 27.805 | 39.636    | 32.834 |
+-----------+--------+-----------+--------+--------+-----------+--------+
| bottle    | 68.230 | 61.138    | 67.738 | 63.954 | 45.837    | 58.644 |
+-----------+--------+-----------+--------+--------+-----------+--------+
| bus       | 82.632 | 82.483    | 80.216 | 79.426 | 77.869    | 70.882 |
+-----------+--------+-----------+--------+--------+-----------+--------+
| car       | 76.644 | 75.883    | 74.537 | 73.403 | 65.870    | 60.402 |
+-----------+--------+-----------+--------+--------+-----------+--------+
| cat       | 83.790 | 74.791    | 79.800 | 87.748 | 81.069    | 80.289 |
+-----------+--------+-----------+--------+--------+-----------+--------+
| chair     | 40.111 | 34.177    | 24.040 | 37.626 | 32.518    | 20.257 |
+-----------+--------+-----------+--------+--------+-----------+--------+
| cow       | 85.144 | 77.270    | 68.018 | 84.001 | 74.793    | 68.089 |
+-----------+--------+-----------+--------+--------+-----------+--------+
| table     | 49.921 | 51.913    | 47.274 | 55.430 | 54.290    | 39.990 |
+-----------+--------+-----------+--------+--------+-----------+--------+
| dog       | 85.625 | 77.141    | 76.619 | 84.592 | 79.649    | 76.490 |
+-----------+--------+-----------+--------+--------+-----------+--------+
| horse     | 83.470 | 81.302    | 67.963 | 83.198 | 83.176    | 72.339 |
+-----------+--------+-----------+--------+--------+-----------+--------+
| motorbike | 70.528 | 74.862    | 66.240 | 67.008 | 76.232    | 66.045 |
+-----------+--------+-----------+--------+--------+-----------+--------+
| person    | 78.786 | 76.588    | 75.936 | 78.359 | 71.612    | 74.518 |
+-----------+--------+-----------+--------+--------+-----------+--------+
| plant     | 47.864 | 49.981    | 32.894 | 42.679 | 29.520    | 42.615 |
+-----------+--------+-----------+--------+--------+-----------+--------+
| sheep     | 83.277 | 83.147    | 74.785 | 81.366 | 81.745    | 79.864 |
+-----------+--------+-----------+--------+--------+-----------+--------+
| sofa      | 53.260 | 65.992    | 36.461 | 52.742 | 54.595    | 33.034 |
+-----------+--------+-----------+--------+--------+-----------+--------+
| train     | 57.825 | 60.409    | 52.865 | 56.387 | 62.764    | 52.209 |
+-----------+--------+-----------+--------+--------+-----------+--------+
| tvmonitor | 39.853 | 46.459    | 34.913 | 42.267 | 59.411    | 38.300 |
+-----------+--------+-----------+--------+--------+-----------+--------+
| mIoU      | 65.560 | 66.227    | 58.503 | 63.642 | 64.324    | 57.627 |
+-----------+--------+-----------+--------+--------+-----------+--------+
2023-09-29 00:07:16,701 - train_final_voc_imagenet_21k.py - INFO: 
Iter: 4200; Elasped: 1:30:08; ETA: 5:39:04; LR: 4.853e-05; cls_loss: 0.3610 | ptc_loss: 0.2607 | seg_loss: 0.5983 | sim_loss: 0.5454
2023-09-29 00:10:52,758 - train_final_voc_imagenet_21k.py - INFO: 
Iter: 4400; Elasped: 1:33:44; ETA: 5:32:19; LR: 4.798e-05; cls_loss: 0.3869 | ptc_loss: 0.2937 | seg_loss: 0.5200 | sim_loss: 0.5540
2023-09-29 00:14:33,661 - train_final_voc_imagenet_21k.py - INFO: 
Iter: 4600; Elasped: 1:37:25; ETA: 5:26:08; LR: 4.743e-05; cls_loss: 0.4115 | ptc_loss: 0.2942 | seg_loss: 0.5945 | sim_loss: 0.5281
2023-09-29 00:18:13,819 - train_final_voc_imagenet_21k.py - INFO: 
Iter: 4800; Elasped: 1:41:05; ETA: 5:20:05; LR: 4.687e-05; cls_loss: 0.3774 | ptc_loss: 0.3071 | seg_loss: 0.5885 | sim_loss: 0.5352
2023-09-29 00:22:04,953 - train_final_voc_imagenet_21k.py - INFO: 
Iter: 5000; Elasped: 1:44:56; ETA: 5:14:48; LR: 4.632e-05; cls_loss: 0.4214 | ptc_loss: 0.2619 | seg_loss: 0.5706 | sim_loss: 0.5071
2023-09-29 00:25:47,521 - train_final_voc_imagenet_21k.py - INFO: 
Iter: 5200; Elasped: 1:48:39; ETA: 5:09:14; LR: 4.576e-05; cls_loss: 0.3633 | ptc_loss: 0.3070 | seg_loss: 0.5182 | sim_loss: 0.4871
2023-09-29 00:29:28,610 - train_final_voc_imagenet_21k.py - INFO: 
Iter: 5400; Elasped: 1:52:20; ETA: 5:03:42; LR: 4.520e-05; cls_loss: 0.3407 | ptc_loss: 0.3075 | seg_loss: 0.5250 | sim_loss: 0.4641
2023-09-29 00:33:06,496 - train_final_voc_imagenet_21k.py - INFO: 
Iter: 5600; Elasped: 1:55:58; ETA: 4:58:12; LR: 4.465e-05; cls_loss: 0.3326 | ptc_loss: 0.2728 | seg_loss: 0.4938 | sim_loss: 0.4774
2023-09-29 00:36:44,807 - train_final_voc_imagenet_21k.py - INFO: 
Iter: 5800; Elasped: 1:59:36; ETA: 4:52:48; LR: 4.409e-05; cls_loss: 0.3617 | ptc_loss: 0.2544 | seg_loss: 0.5123 | sim_loss: 0.4580
2023-09-29 00:40:23,248 - train_final_voc_imagenet_21k.py - INFO: 
Iter: 6000; Elasped: 2:03:15; ETA: 4:47:35; LR: 4.353e-05; cls_loss: 0.3759 | ptc_loss: 0.3002 | seg_loss: 0.5336 | sim_loss: 0.4233
2023-09-29 00:40:23,948 - train_final_voc_imagenet_21k.py - INFO: Validating...
2023-09-29 00:49:49,667 - train_final_voc_imagenet_21k.py - INFO: val cls score of branch #1: 0.908104
2023-09-29 00:49:49,667 - train_final_voc_imagenet_21k.py - INFO: val cls score of branch #2: 0.904554
2023-09-29 00:49:49,667 - train_final_voc_imagenet_21k.py - INFO: 
+-----------+--------+-----------+--------+--------+-----------+--------+
|   Class   | CAM_1  | aux_CAM_1 | Seg_1  | CAM_2  | aux_CAM_2 | Seg_2  |
+===========+========+===========+========+========+===========+========+
| bg        | 88.437 | 89.079    | 86.750 | 87.939 | 87.797    | 87.906 |
+-----------+--------+-----------+--------+--------+-----------+--------+
| aeroplane | 64.080 | 73.105    | 67.233 | 66.987 | 79.525    | 69.820 |
+-----------+--------+-----------+--------+--------+-----------+--------+
| bicycle   | 45.144 | 44.121    | 36.997 | 42.424 | 42.188    | 39.881 |
+-----------+--------+-----------+--------+--------+-----------+--------+
| bird      | 67.658 | 79.257    | 64.177 | 63.168 | 77.775    | 66.947 |
+-----------+--------+-----------+--------+--------+-----------+--------+
| boat      | 30.538 | 48.908    | 27.835 | 28.562 | 41.137    | 28.866 |
+-----------+--------+-----------+--------+--------+-----------+--------+
| bottle    | 72.838 | 55.100    | 68.544 | 70.647 | 48.629    | 67.353 |
+-----------+--------+-----------+--------+--------+-----------+--------+
| bus       | 87.552 | 83.210    | 83.847 | 83.239 | 75.401    | 83.928 |
+-----------+--------+-----------+--------+--------+-----------+--------+
| car       | 81.335 | 72.887    | 72.842 | 78.797 | 65.032    | 72.599 |
+-----------+--------+-----------+--------+--------+-----------+--------+
| cat       | 87.237 | 78.623    | 84.436 | 89.426 | 82.348    | 84.856 |
+-----------+--------+-----------+--------+--------+-----------+--------+
| chair     | 47.233 | 45.198    | 26.074 | 41.836 | 38.132    | 29.968 |
+-----------+--------+-----------+--------+--------+-----------+--------+
| cow       | 87.190 | 74.139    | 81.554 | 86.787 | 74.825    | 78.564 |
+-----------+--------+-----------+--------+--------+-----------+--------+
| table     | 47.793 | 50.922    | 46.958 | 55.528 | 53.479    | 42.466 |
+-----------+--------+-----------+--------+--------+-----------+--------+
| dog       | 83.760 | 74.091    | 77.955 | 84.643 | 80.155    | 78.077 |
+-----------+--------+-----------+--------+--------+-----------+--------+
| horse     | 87.022 | 83.685    | 82.467 | 86.255 | 85.603    | 71.875 |
+-----------+--------+-----------+--------+--------+-----------+--------+
| motorbike | 78.302 | 77.025    | 67.413 | 76.716 | 77.538    | 71.368 |
+-----------+--------+-----------+--------+--------+-----------+--------+
| person    | 81.510 | 79.263    | 78.873 | 83.354 | 77.271    | 80.497 |
+-----------+--------+-----------+--------+--------+-----------+--------+
| plant     | 53.078 | 55.695    | 43.607 | 51.120 | 38.382    | 44.149 |
+-----------+--------+-----------+--------+--------+-----------+--------+
| sheep     | 87.472 | 84.488    | 80.266 | 88.281 | 82.969    | 85.696 |
+-----------+--------+-----------+--------+--------+-----------+--------+
| sofa      | 57.716 | 64.686    | 36.422 | 56.756 | 66.960    | 38.555 |
+-----------+--------+-----------+--------+--------+-----------+--------+
| train     | 61.388 | 61.230    | 59.624 | 59.606 | 59.192    | 58.678 |
+-----------+--------+-----------+--------+--------+-----------+--------+
| tvmonitor | 41.981 | 55.028    | 37.961 | 44.144 | 57.577    | 41.116 |
+-----------+--------+-----------+--------+--------+-----------+--------+
| mIoU      | 68.536 | 68.083    | 62.468 | 67.915 | 66.282    | 63.008 |
+-----------+--------+-----------+--------+--------+-----------+--------+
2023-09-29 00:53:30,629 - train_final_voc_imagenet_21k.py - INFO: 
Iter: 6200; Elasped: 2:16:22; ETA: 5:03:31; LR: 4.297e-05; cls_loss: 0.3503 | ptc_loss: 0.2424 | seg_loss: 0.4039 | sim_loss: 0.4302
2023-09-29 00:57:12,202 - train_final_voc_imagenet_21k.py - INFO: 
Iter: 6400; Elasped: 2:20:04; ETA: 4:57:38; LR: 4.241e-05; cls_loss: 0.3501 | ptc_loss: 0.2391 | seg_loss: 0.5129 | sim_loss: 0.4375
2023-09-29 01:00:48,895 - train_final_voc_imagenet_21k.py - INFO: 
Iter: 6600; Elasped: 2:23:40; ETA: 4:51:41; LR: 4.185e-05; cls_loss: 0.3302 | ptc_loss: 0.3097 | seg_loss: 0.5514 | sim_loss: 0.3921
2023-09-29 01:04:25,654 - train_final_voc_imagenet_21k.py - INFO: 
Iter: 6800; Elasped: 2:27:17; ETA: 4:45:54; LR: 4.128e-05; cls_loss: 0.3453 | ptc_loss: 0.2827 | seg_loss: 0.4389 | sim_loss: 0.3971
2023-09-29 01:08:05,185 - train_final_voc_imagenet_21k.py - INFO: 
Iter: 7000; Elasped: 2:30:57; ETA: 4:40:20; LR: 4.072e-05; cls_loss: 0.3549 | ptc_loss: 0.2690 | seg_loss: 0.5395 | sim_loss: 0.3660
2023-09-29 01:11:42,376 - train_final_voc_imagenet_21k.py - INFO: 
Iter: 7200; Elasped: 2:34:34; ETA: 4:34:47; LR: 4.016e-05; cls_loss: 0.2873 | ptc_loss: 0.2716 | seg_loss: 0.4953 | sim_loss: 0.3977
2023-09-29 01:15:20,819 - train_final_voc_imagenet_21k.py - INFO: 
Iter: 7400; Elasped: 2:38:12; ETA: 4:29:22; LR: 3.959e-05; cls_loss: 0.3209 | ptc_loss: 0.2524 | seg_loss: 0.4594 | sim_loss: 0.4031
2023-09-29 01:18:59,657 - train_final_voc_imagenet_21k.py - INFO: 
Iter: 7600; Elasped: 2:41:51; ETA: 4:24:04; LR: 3.902e-05; cls_loss: 0.3296 | ptc_loss: 0.2317 | seg_loss: 0.4165 | sim_loss: 0.3500
2023-09-29 01:22:40,049 - train_final_voc_imagenet_21k.py - INFO: 
Iter: 7800; Elasped: 2:45:32; ETA: 4:18:54; LR: 3.846e-05; cls_loss: 0.3055 | ptc_loss: 0.2695 | seg_loss: 0.5159 | sim_loss: 0.3957
2023-09-29 01:26:21,773 - train_final_voc_imagenet_21k.py - INFO: 
Iter: 8000; Elasped: 2:49:13; ETA: 4:13:49; LR: 3.789e-05; cls_loss: 0.3269 | ptc_loss: 0.2817 | seg_loss: 0.5103 | sim_loss: 0.3819
2023-09-29 01:26:22,533 - train_final_voc_imagenet_21k.py - INFO: Validating...
2023-09-29 01:35:48,191 - train_final_voc_imagenet_21k.py - INFO: val cls score of branch #1: 0.907679
2023-09-29 01:35:48,191 - train_final_voc_imagenet_21k.py - INFO: val cls score of branch #2: 0.899204
2023-09-29 01:35:48,191 - train_final_voc_imagenet_21k.py - INFO: 
+-----------+--------+-----------+--------+--------+-----------+--------+
|   Class   | CAM_1  | aux_CAM_1 | Seg_1  | CAM_2  | aux_CAM_2 | Seg_2  |
+===========+========+===========+========+========+===========+========+
| bg        | 88.997 | 89.083    | 85.148 | 87.215 | 88.118    | 87.890 |
+-----------+--------+-----------+--------+--------+-----------+--------+
| aeroplane | 67.549 | 76.131    | 60.789 | 67.429 | 73.156    | 69.345 |
+-----------+--------+-----------+--------+--------+-----------+--------+
| bicycle   | 43.137 | 40.393    | 31.054 | 36.796 | 40.572    | 35.694 |
+-----------+--------+-----------+--------+--------+-----------+--------+
| bird      | 74.757 | 69.219    | 68.582 | 67.647 | 76.150    | 71.216 |
+-----------+--------+-----------+--------+--------+-----------+--------+
| boat      | 38.065 | 53.595    | 28.302 | 34.138 | 44.446    | 33.553 |
+-----------+--------+-----------+--------+--------+-----------+--------+
| bottle    | 72.702 | 62.891    | 67.444 | 68.744 | 54.310    | 65.372 |
+-----------+--------+-----------+--------+--------+-----------+--------+
| bus       | 85.296 | 79.701    | 76.977 | 81.664 | 71.240    | 75.851 |
+-----------+--------+-----------+--------+--------+-----------+--------+
| car       | 79.088 | 75.174    | 67.359 | 73.377 | 69.560    | 62.717 |
+-----------+--------+-----------+--------+--------+-----------+--------+
| cat       | 88.822 | 78.565    | 86.407 | 90.307 | 80.542    | 86.114 |
+-----------+--------+-----------+--------+--------+-----------+--------+
| chair     | 45.817 | 40.884    | 23.395 | 36.677 | 34.298    | 26.560 |
+-----------+--------+-----------+--------+--------+-----------+--------+
| cow       | 87.976 | 78.790    | 74.841 | 81.859 | 85.438    | 69.868 |
+-----------+--------+-----------+--------+--------+-----------+--------+
| table     | 48.808 | 52.113    | 48.623 | 59.705 | 54.273    | 52.037 |
+-----------+--------+-----------+--------+--------+-----------+--------+
| dog       | 84.944 | 77.687    | 79.455 | 86.767 | 83.351    | 80.063 |
+-----------+--------+-----------+--------+--------+-----------+--------+
| horse     | 86.807 | 81.907    | 75.693 | 83.978 | 84.633    | 80.339 |
+-----------+--------+-----------+--------+--------+-----------+--------+
| motorbike | 76.354 | 76.426    | 70.396 | 74.760 | 75.363    | 72.249 |
+-----------+--------+-----------+--------+--------+-----------+--------+
| person    | 82.126 | 79.007    | 79.540 | 82.618 | 80.544    | 79.496 |
+-----------+--------+-----------+--------+--------+-----------+--------+
| plant     | 47.356 | 53.836    | 36.864 | 49.832 | 43.571    | 43.638 |
+-----------+--------+-----------+--------+--------+-----------+--------+
| sheep     | 89.364 | 81.491    | 82.121 | 85.912 | 80.173    | 65.613 |
+-----------+--------+-----------+--------+--------+-----------+--------+
| sofa      | 61.048 | 69.257    | 46.964 | 58.511 | 70.095    | 43.884 |
+-----------+--------+-----------+--------+--------+-----------+--------+
| train     | 59.266 | 56.748    | 53.152 | 56.562 | 54.563    | 53.701 |
+-----------+--------+-----------+--------+--------+-----------+--------+
| tvmonitor | 44.549 | 55.994    | 37.866 | 41.298 | 54.749    | 39.452 |
+-----------+--------+-----------+--------+--------+-----------+--------+
| mIoU      | 69.182 | 68.042    | 60.999 | 66.943 | 66.626    | 61.650 |
+-----------+--------+-----------+--------+--------+-----------+--------+
2023-09-29 01:40:35,565 - train_final_voc_imagenet_21k.py - INFO: 
Iter: 8200; Elasped: 3:03:27; ETA: 4:23:59; LR: 3.732e-05; cls_loss: 0.2552 | ptc_loss: 0.2796 | seg_loss: 0.3409 | sim_loss: 0.3875
2023-09-29 01:45:19,200 - train_final_voc_imagenet_21k.py - INFO: 
Iter: 8400; Elasped: 3:08:11; ETA: 4:19:52; LR: 3.675e-05; cls_loss: 0.2551 | ptc_loss: 0.2301 | seg_loss: 0.3138 | sim_loss: 0.3571
2023-09-29 01:49:59,609 - train_final_voc_imagenet_21k.py - INFO: 
Iter: 8600; Elasped: 3:12:51; ETA: 4:15:38; LR: 3.618e-05; cls_loss: 0.2763 | ptc_loss: 0.2579 | seg_loss: 0.3147 | sim_loss: 0.3518
2023-09-29 01:54:39,496 - train_final_voc_imagenet_21k.py - INFO: 
Iter: 8800; Elasped: 3:17:31; ETA: 4:11:23; LR: 3.561e-05; cls_loss: 0.2934 | ptc_loss: 0.2777 | seg_loss: 0.4415 | sim_loss: 0.3614
2023-09-29 01:59:20,798 - train_final_voc_imagenet_21k.py - INFO: 
Iter: 9000; Elasped: 3:22:12; ETA: 4:07:08; LR: 3.504e-05; cls_loss: 0.2778 | ptc_loss: 0.2414 | seg_loss: 0.2757 | sim_loss: 0.3365
2023-09-29 02:04:01,187 - train_final_voc_imagenet_21k.py - INFO: 
Iter: 9200; Elasped: 3:26:53; ETA: 4:02:51; LR: 3.446e-05; cls_loss: 0.3054 | ptc_loss: 0.2532 | seg_loss: 0.3486 | sim_loss: 0.3398
2023-09-29 02:08:45,662 - train_final_voc_imagenet_21k.py - INFO: 
Iter: 9400; Elasped: 3:31:37; ETA: 3:58:37; LR: 3.389e-05; cls_loss: 0.2445 | ptc_loss: 0.2391 | seg_loss: 0.4139 | sim_loss: 0.3295
2023-09-29 02:13:33,479 - train_final_voc_imagenet_21k.py - INFO: 
Iter: 9600; Elasped: 3:36:25; ETA: 3:54:27; LR: 3.331e-05; cls_loss: 0.2746 | ptc_loss: 0.2341 | seg_loss: 0.3871 | sim_loss: 0.3264
2023-09-29 02:18:14,730 - train_final_voc_imagenet_21k.py - INFO: 
Iter: 9800; Elasped: 3:41:06; ETA: 3:50:07; LR: 3.273e-05; cls_loss: 0.2756 | ptc_loss: 0.2367 | seg_loss: 0.3485 | sim_loss: 0.3340
2023-09-29 02:22:54,264 - train_final_voc_imagenet_21k.py - INFO: 
Iter: 10000; Elasped: 3:45:46; ETA: 3:45:46; LR: 3.216e-05; cls_loss: 0.2653 | ptc_loss: 0.2657 | seg_loss: 0.2600 | sim_loss: 0.3213
2023-09-29 02:22:55,002 - train_final_voc_imagenet_21k.py - INFO: Validating...
2023-09-29 02:32:20,609 - train_final_voc_imagenet_21k.py - INFO: val cls score of branch #1: 0.905083
2023-09-29 02:32:20,609 - train_final_voc_imagenet_21k.py - INFO: val cls score of branch #2: 0.913360
2023-09-29 02:32:20,609 - train_final_voc_imagenet_21k.py - INFO: 
+-----------+--------+-----------+--------+--------+-----------+--------+
|   Class   | CAM_1  | aux_CAM_1 | Seg_1  | CAM_2  | aux_CAM_2 | Seg_2  |
+===========+========+===========+========+========+===========+========+
| bg        | 90.146 | 89.417    | 87.245 | 89.072 | 88.280    | 88.844 |
+-----------+--------+-----------+--------+--------+-----------+--------+
| aeroplane | 71.417 | 81.076    | 64.748 | 64.795 | 73.678    | 70.459 |
+-----------+--------+-----------+--------+--------+-----------+--------+
| bicycle   | 45.268 | 42.751    | 35.859 | 37.987 | 42.053    | 39.141 |
+-----------+--------+-----------+--------+--------+-----------+--------+
| bird      | 72.105 | 72.705    | 66.261 | 74.362 | 70.362    | 74.961 |
+-----------+--------+-----------+--------+--------+-----------+--------+
| boat      | 41.287 | 54.803    | 31.359 | 36.209 | 48.614    | 36.928 |
+-----------+--------+-----------+--------+--------+-----------+--------+
| bottle    | 75.367 | 58.454    | 70.743 | 76.161 | 57.647    | 68.561 |
+-----------+--------+-----------+--------+--------+-----------+--------+
| bus       | 88.365 | 83.078    | 80.718 | 85.062 | 80.130    | 85.233 |
+-----------+--------+-----------+--------+--------+-----------+--------+
| car       | 79.613 | 73.212    | 56.430 | 76.194 | 63.828    | 74.012 |
+-----------+--------+-----------+--------+--------+-----------+--------+
| cat       | 89.738 | 82.026    | 86.900 | 91.200 | 83.551    | 87.815 |
+-----------+--------+-----------+--------+--------+-----------+--------+
| chair     | 51.221 | 41.174    | 34.467 | 46.166 | 37.514    | 31.851 |
+-----------+--------+-----------+--------+--------+-----------+--------+
| cow       | 85.273 | 71.901    | 77.432 | 87.422 | 77.660    | 80.685 |
+-----------+--------+-----------+--------+--------+-----------+--------+
| table     | 42.573 | 52.688    | 33.686 | 34.167 | 46.784    | 19.086 |
+-----------+--------+-----------+--------+--------+-----------+--------+
| dog       | 83.970 | 77.401    | 78.683 | 86.724 | 82.545    | 80.829 |
+-----------+--------+-----------+--------+--------+-----------+--------+
| horse     | 87.171 | 76.450    | 80.130 | 86.812 | 79.479    | 82.719 |
+-----------+--------+-----------+--------+--------+-----------+--------+
| motorbike | 77.474 | 77.369    | 68.100 | 79.177 | 76.615    | 73.033 |
+-----------+--------+-----------+--------+--------+-----------+--------+
| person    | 83.043 | 77.687    | 81.168 | 84.043 | 79.806    | 82.334 |
+-----------+--------+-----------+--------+--------+-----------+--------+
| plant     | 54.008 | 48.489    | 49.881 | 56.269 | 36.068    | 53.124 |
+-----------+--------+-----------+--------+--------+-----------+--------+
| sheep     | 88.009 | 83.609    | 82.428 | 89.415 | 78.717    | 85.613 |
+-----------+--------+-----------+--------+--------+-----------+--------+
| sofa      | 63.504 | 73.681    | 47.018 | 62.392 | 69.671    | 47.823 |
+-----------+--------+-----------+--------+--------+-----------+--------+
| train     | 63.348 | 63.316    | 57.250 | 62.755 | 64.672    | 62.317 |
+-----------+--------+-----------+--------+--------+-----------+--------+
| tvmonitor | 46.499 | 53.110    | 39.197 | 45.627 | 57.002    | 41.858 |
+-----------+--------+-----------+--------+--------+-----------+--------+
| mIoU      | 70.448 | 68.305    | 62.367 | 69.143 | 66.413    | 65.106 |
+-----------+--------+-----------+--------+--------+-----------+--------+
2023-09-29 02:37:10,309 - train_final_voc_imagenet_21k.py - INFO: 
Iter: 10200; Elasped: 4:00:02; ETA: 3:50:37; LR: 3.158e-05; cls_loss: 0.2801 | ptc_loss: 0.2738 | seg_loss: 0.3373 | sim_loss: 0.3113
2023-09-29 02:41:51,094 - train_final_voc_imagenet_21k.py - INFO: 
Iter: 10400; Elasped: 4:04:43; ETA: 3:45:53; LR: 3.100e-05; cls_loss: 0.2571 | ptc_loss: 0.2771 | seg_loss: 0.2764 | sim_loss: 0.3196
2023-09-29 02:46:33,561 - train_final_voc_imagenet_21k.py - INFO: 
Iter: 10600; Elasped: 4:09:25; ETA: 3:41:10; LR: 3.041e-05; cls_loss: 0.2448 | ptc_loss: 0.2109 | seg_loss: 0.2826 | sim_loss: 0.3122
2023-09-29 02:51:21,094 - train_final_voc_imagenet_21k.py - INFO: 
Iter: 10800; Elasped: 4:14:13; ETA: 3:36:33; LR: 2.983e-05; cls_loss: 0.2584 | ptc_loss: 0.2229 | seg_loss: 0.3252 | sim_loss: 0.3222
2023-09-29 02:56:07,082 - train_final_voc_imagenet_21k.py - INFO: 
Iter: 11000; Elasped: 4:18:59; ETA: 3:31:53; LR: 2.925e-05; cls_loss: 0.2136 | ptc_loss: 0.2358 | seg_loss: 0.2505 | sim_loss: 0.2979
2023-09-29 03:00:59,868 - train_final_voc_imagenet_21k.py - INFO: 
Iter: 11200; Elasped: 4:23:51; ETA: 3:27:18; LR: 2.866e-05; cls_loss: 0.1915 | ptc_loss: 0.2333 | seg_loss: 0.2638 | sim_loss: 0.2808
2023-09-29 03:05:46,005 - train_final_voc_imagenet_21k.py - INFO: 
Iter: 11400; Elasped: 4:28:38; ETA: 3:22:39; LR: 2.807e-05; cls_loss: 0.2235 | ptc_loss: 0.2179 | seg_loss: 0.2905 | sim_loss: 0.2918
2023-09-29 03:10:29,740 - train_final_voc_imagenet_21k.py - INFO: 
Iter: 11600; Elasped: 4:33:21; ETA: 3:17:56; LR: 2.749e-05; cls_loss: 0.2515 | ptc_loss: 0.2611 | seg_loss: 0.3165 | sim_loss: 0.3059
2023-09-29 03:15:10,213 - train_final_voc_imagenet_21k.py - INFO: 
Iter: 11800; Elasped: 4:38:02; ETA: 3:13:12; LR: 2.690e-05; cls_loss: 0.2553 | ptc_loss: 0.2463 | seg_loss: 0.3123 | sim_loss: 0.2895
2023-09-29 03:19:53,121 - train_final_voc_imagenet_21k.py - INFO: 
Iter: 12000; Elasped: 4:42:45; ETA: 3:08:30; LR: 2.631e-05; cls_loss: 0.2340 | ptc_loss: 0.2253 | seg_loss: 0.2849 | sim_loss: 0.2734
2023-09-29 03:19:54,080 - train_final_voc_imagenet_21k.py - INFO: Validating...
2023-09-29 03:29:19,884 - train_final_voc_imagenet_21k.py - INFO: val cls score of branch #1: 0.914537
2023-09-29 03:29:19,884 - train_final_voc_imagenet_21k.py - INFO: val cls score of branch #2: 0.920268
2023-09-29 03:29:19,884 - train_final_voc_imagenet_21k.py - INFO: 
+-----------+--------+-----------+--------+--------+-----------+--------+
|   Class   | CAM_1  | aux_CAM_1 | Seg_1  | CAM_2  | aux_CAM_2 | Seg_2  |
+===========+========+===========+========+========+===========+========+
| bg        | 90.253 | 90.221    | 88.167 | 88.957 | 89.660    | 88.472 |
+-----------+--------+-----------+--------+--------+-----------+--------+
| aeroplane | 70.260 | 79.244    | 67.440 | 64.886 | 79.700    | 64.191 |
+-----------+--------+-----------+--------+--------+-----------+--------+
| bicycle   | 44.770 | 38.440    | 35.877 | 39.730 | 41.154    | 40.256 |
+-----------+--------+-----------+--------+--------+-----------+--------+
| bird      | 75.201 | 77.447    | 71.065 | 72.112 | 82.431    | 73.261 |
+-----------+--------+-----------+--------+--------+-----------+--------+
| boat      | 43.573 | 56.038    | 38.025 | 34.464 | 50.529    | 33.969 |
+-----------+--------+-----------+--------+--------+-----------+--------+
| bottle    | 75.278 | 65.144    | 73.096 | 75.361 | 62.408    | 70.848 |
+-----------+--------+-----------+--------+--------+-----------+--------+
| bus       | 88.365 | 80.762    | 85.258 | 83.659 | 74.934    | 83.278 |
+-----------+--------+-----------+--------+--------+-----------+--------+
| car       | 79.912 | 73.967    | 70.327 | 77.016 | 67.486    | 73.944 |
+-----------+--------+-----------+--------+--------+-----------+--------+
| cat       | 90.809 | 83.609    | 87.522 | 91.983 | 85.238    | 88.919 |
+-----------+--------+-----------+--------+--------+-----------+--------+
| chair     | 52.930 | 45.823    | 34.070 | 48.622 | 45.141    | 32.961 |
+-----------+--------+-----------+--------+--------+-----------+--------+
| cow       | 89.512 | 80.324    | 85.862 | 89.166 | 82.180    | 86.128 |
+-----------+--------+-----------+--------+--------+-----------+--------+
| table     | 52.226 | 53.380    | 42.603 | 60.860 | 54.044    | 48.633 |
+-----------+--------+-----------+--------+--------+-----------+--------+
| dog       | 87.830 | 81.594    | 83.565 | 88.334 | 84.568    | 84.382 |
+-----------+--------+-----------+--------+--------+-----------+--------+
| horse     | 87.699 | 81.952    | 79.744 | 86.905 | 81.416    | 81.584 |
+-----------+--------+-----------+--------+--------+-----------+--------+
| motorbike | 79.057 | 79.569    | 72.957 | 79.153 | 78.822    | 75.290 |
+-----------+--------+-----------+--------+--------+-----------+--------+
| person    | 83.889 | 81.065    | 78.559 | 85.156 | 80.754    | 82.887 |
+-----------+--------+-----------+--------+--------+-----------+--------+
| plant     | 53.623 | 57.179    | 47.609 | 50.947 | 43.047    | 44.200 |
+-----------+--------+-----------+--------+--------+-----------+--------+
| sheep     | 90.193 | 84.535    | 85.586 | 88.111 | 76.274    | 85.761 |
+-----------+--------+-----------+--------+--------+-----------+--------+
| sofa      | 65.068 | 66.795    | 47.706 | 64.908 | 70.478    | 49.536 |
+-----------+--------+-----------+--------+--------+-----------+--------+
| train     | 65.994 | 64.189    | 61.699 | 62.471 | 65.506    | 60.181 |
+-----------+--------+-----------+--------+--------+-----------+--------+
| tvmonitor | 40.291 | 56.931    | 37.343 | 42.600 | 61.183    | 39.161 |
+-----------+--------+-----------+--------+--------+-----------+--------+
| mIoU      | 71.749 | 70.391    | 65.432 | 70.257 | 69.379    | 66.088 |
+-----------+--------+-----------+--------+--------+-----------+--------+
2023-09-29 03:34:02,687 - train_final_voc_imagenet_21k.py - INFO: 
Iter: 12200; Elasped: 4:56:54; ETA: 3:09:49; LR: 2.571e-05; cls_loss: 0.2493 | ptc_loss: 0.2150 | seg_loss: 0.3177 | sim_loss: 0.2734
2023-09-29 03:38:45,533 - train_final_voc_imagenet_21k.py - INFO: 
Iter: 12400; Elasped: 5:01:37; ETA: 3:04:51; LR: 2.512e-05; cls_loss: 0.2137 | ptc_loss: 0.2639 | seg_loss: 0.2787 | sim_loss: 0.3004
2023-09-29 03:43:27,004 - train_final_voc_imagenet_21k.py - INFO: 
Iter: 12600; Elasped: 5:06:19; ETA: 2:59:54; LR: 2.452e-05; cls_loss: 0.1924 | ptc_loss: 0.2180 | seg_loss: 0.2170 | sim_loss: 0.2702
2023-09-29 03:48:07,681 - train_final_voc_imagenet_21k.py - INFO: 
Iter: 12800; Elasped: 5:10:59; ETA: 2:54:55; LR: 2.393e-05; cls_loss: 0.1897 | ptc_loss: 0.2474 | seg_loss: 0.2659 | sim_loss: 0.2658
2023-09-29 03:52:48,564 - train_final_voc_imagenet_21k.py - INFO: 
Iter: 13000; Elasped: 5:15:40; ETA: 2:49:58; LR: 2.333e-05; cls_loss: 0.2279 | ptc_loss: 0.2340 | seg_loss: 0.2543 | sim_loss: 0.2781
2023-09-29 03:57:28,022 - train_final_voc_imagenet_21k.py - INFO: 
Iter: 13200; Elasped: 5:20:20; ETA: 2:45:01; LR: 2.273e-05; cls_loss: 0.2133 | ptc_loss: 0.2951 | seg_loss: 0.2563 | sim_loss: 0.2734
2023-09-29 04:02:12,304 - train_final_voc_imagenet_21k.py - INFO: 
Iter: 13400; Elasped: 5:25:04; ETA: 2:40:06; LR: 2.212e-05; cls_loss: 0.1980 | ptc_loss: 0.2383 | seg_loss: 0.2159 | sim_loss: 0.2769
2023-09-29 04:06:54,212 - train_final_voc_imagenet_21k.py - INFO: 
Iter: 13600; Elasped: 5:29:46; ETA: 2:35:11; LR: 2.152e-05; cls_loss: 0.1811 | ptc_loss: 0.1876 | seg_loss: 0.2446 | sim_loss: 0.2610
2023-09-29 04:11:35,686 - train_final_voc_imagenet_21k.py - INFO: 
Iter: 13800; Elasped: 5:34:27; ETA: 2:30:15; LR: 2.091e-05; cls_loss: 0.2116 | ptc_loss: 0.2448 | seg_loss: 0.2447 | sim_loss: 0.2870
2023-09-29 04:16:15,259 - train_final_voc_imagenet_21k.py - INFO: 
Iter: 14000; Elasped: 5:39:07; ETA: 2:25:20; LR: 2.031e-05; cls_loss: 0.1701 | ptc_loss: 0.2473 | seg_loss: 0.1884 | sim_loss: 0.2426
2023-09-29 04:16:16,035 - train_final_voc_imagenet_21k.py - INFO: Validating...
2023-09-29 04:25:42,743 - train_final_voc_imagenet_21k.py - INFO: val cls score of branch #1: 0.914054
2023-09-29 04:25:42,744 - train_final_voc_imagenet_21k.py - INFO: val cls score of branch #2: 0.926566
2023-09-29 04:25:42,744 - train_final_voc_imagenet_21k.py - INFO: 
+-----------+--------+-----------+--------+--------+-----------+--------+
|   Class   | CAM_1  | aux_CAM_1 | Seg_1  | CAM_2  | aux_CAM_2 | Seg_2  |
+===========+========+===========+========+========+===========+========+
| bg        | 90.912 | 89.925    | 89.570 | 89.944 | 89.584    | 89.552 |
+-----------+--------+-----------+--------+--------+-----------+--------+
| aeroplane | 73.360 | 79.840    | 69.265 | 73.527 | 83.172    | 75.057 |
+-----------+--------+-----------+--------+--------+-----------+--------+
| bicycle   | 44.992 | 43.519    | 41.097 | 39.810 | 41.728    | 40.620 |
+-----------+--------+-----------+--------+--------+-----------+--------+
| bird      | 79.724 | 83.306    | 75.080 | 73.904 | 83.531    | 79.334 |
+-----------+--------+-----------+--------+--------+-----------+--------+
| boat      | 44.724 | 51.325    | 37.492 | 38.318 | 47.651    | 37.499 |
+-----------+--------+-----------+--------+--------+-----------+--------+
| bottle    | 77.666 | 68.029    | 73.177 | 76.303 | 62.411    | 73.086 |
+-----------+--------+-----------+--------+--------+-----------+--------+
| bus       | 89.611 | 82.884    | 87.792 | 87.958 | 74.272    | 86.160 |
+-----------+--------+-----------+--------+--------+-----------+--------+
| car       | 80.353 | 71.853    | 74.213 | 80.930 | 69.730    | 75.451 |
+-----------+--------+-----------+--------+--------+-----------+--------+
| cat       | 90.522 | 83.785    | 88.282 | 92.190 | 85.826    | 89.788 |
+-----------+--------+-----------+--------+--------+-----------+--------+
| chair     | 51.170 | 41.343    | 30.439 | 46.422 | 40.592    | 25.757 |
+-----------+--------+-----------+--------+--------+-----------+--------+
| cow       | 88.236 | 76.257    | 87.641 | 89.757 | 80.810    | 87.717 |
+-----------+--------+-----------+--------+--------+-----------+--------+
| table     | 49.399 | 52.074    | 48.228 | 58.897 | 51.110    | 52.721 |
+-----------+--------+-----------+--------+--------+-----------+--------+
| dog       | 87.883 | 85.132    | 82.960 | 88.063 | 85.529    | 84.383 |
+-----------+--------+-----------+--------+--------+-----------+--------+
| horse     | 87.898 | 80.434    | 85.664 | 87.465 | 83.312    | 84.891 |
+-----------+--------+-----------+--------+--------+-----------+--------+
| motorbike | 79.844 | 77.776    | 73.197 | 78.458 | 77.550    | 73.800 |
+-----------+--------+-----------+--------+--------+-----------+--------+
| person    | 84.530 | 79.889    | 81.492 | 85.197 | 82.715    | 82.452 |
+-----------+--------+-----------+--------+--------+-----------+--------+
| plant     | 56.324 | 52.493    | 52.519 | 54.883 | 41.787    | 51.861 |
+-----------+--------+-----------+--------+--------+-----------+--------+
| sheep     | 90.097 | 81.668    | 85.014 | 87.418 | 75.006    | 86.454 |
+-----------+--------+-----------+--------+--------+-----------+--------+
| sofa      | 62.117 | 69.686    | 42.233 | 63.432 | 71.093    | 42.569 |
+-----------+--------+-----------+--------+--------+-----------+--------+
| train     | 65.153 | 62.796    | 63.457 | 63.587 | 64.499    | 61.441 |
+-----------+--------+-----------+--------+--------+-----------+--------+
| tvmonitor | 48.389 | 56.595    | 46.032 | 47.370 | 62.404    | 43.578 |
+-----------+--------+-----------+--------+--------+-----------+--------+
| mIoU      | 72.519 | 70.029    | 67.374 | 71.611 | 69.253    | 67.818 |
+-----------+--------+-----------+--------+--------+-----------+--------+
2023-09-29 04:30:31,869 - train_final_voc_imagenet_21k.py - INFO: 
Iter: 14200; Elasped: 5:53:23; ETA: 2:24:20; LR: 1.970e-05; cls_loss: 0.1995 | ptc_loss: 0.2488 | seg_loss: 0.2275 | sim_loss: 0.2500
2023-09-29 04:35:12,943 - train_final_voc_imagenet_21k.py - INFO: 
Iter: 14400; Elasped: 5:58:04; ETA: 2:19:14; LR: 1.908e-05; cls_loss: 0.1944 | ptc_loss: 0.2213 | seg_loss: 0.2285 | sim_loss: 0.2440
2023-09-29 04:39:53,281 - train_final_voc_imagenet_21k.py - INFO: 
Iter: 14600; Elasped: 6:02:45; ETA: 2:14:10; LR: 1.847e-05; cls_loss: 0.1871 | ptc_loss: 0.2387 | seg_loss: 0.2218 | sim_loss: 0.2613
2023-09-29 04:44:33,099 - train_final_voc_imagenet_21k.py - INFO: 
Iter: 14800; Elasped: 6:07:25; ETA: 2:09:05; LR: 1.785e-05; cls_loss: 0.1914 | ptc_loss: 0.3039 | seg_loss: 0.3049 | sim_loss: 0.2448
2023-09-29 04:49:15,539 - train_final_voc_imagenet_21k.py - INFO: 
Iter: 15000; Elasped: 6:12:07; ETA: 2:04:02; LR: 1.723e-05; cls_loss: 0.1764 | ptc_loss: 0.2129 | seg_loss: 0.2443 | sim_loss: 0.2437
2023-09-29 04:53:56,662 - train_final_voc_imagenet_21k.py - INFO: 
Iter: 15200; Elasped: 6:16:48; ETA: 1:58:59; LR: 1.661e-05; cls_loss: 0.1740 | ptc_loss: 0.2572 | seg_loss: 0.2163 | sim_loss: 0.2561
2023-09-29 04:58:38,071 - train_final_voc_imagenet_21k.py - INFO: 
Iter: 15400; Elasped: 6:21:30; ETA: 1:53:57; LR: 1.599e-05; cls_loss: 0.2120 | ptc_loss: 0.2229 | seg_loss: 0.2322 | sim_loss: 0.2627
2023-09-29 05:03:19,724 - train_final_voc_imagenet_21k.py - INFO: 
Iter: 15600; Elasped: 6:26:11; ETA: 1:48:55; LR: 1.536e-05; cls_loss: 0.1804 | ptc_loss: 0.2319 | seg_loss: 0.2427 | sim_loss: 0.2512
2023-09-29 05:07:59,533 - train_final_voc_imagenet_21k.py - INFO: 
Iter: 15800; Elasped: 6:30:51; ETA: 1:43:53; LR: 1.473e-05; cls_loss: 0.1884 | ptc_loss: 0.2196 | seg_loss: 0.2284 | sim_loss: 0.2482
2023-09-29 05:12:46,282 - train_final_voc_imagenet_21k.py - INFO: 
Iter: 16000; Elasped: 6:35:38; ETA: 1:38:54; LR: 1.410e-05; cls_loss: 0.1835 | ptc_loss: 0.2162 | seg_loss: 0.2115 | sim_loss: 0.2237
2023-09-29 05:12:46,951 - train_final_voc_imagenet_21k.py - INFO: Validating...
2023-09-29 05:22:12,648 - train_final_voc_imagenet_21k.py - INFO: val cls score of branch #1: 0.922492
2023-09-29 05:22:12,648 - train_final_voc_imagenet_21k.py - INFO: val cls score of branch #2: 0.928679
2023-09-29 05:22:12,648 - train_final_voc_imagenet_21k.py - INFO: 
+-----------+--------+-----------+--------+--------+-----------+--------+
|   Class   | CAM_1  | aux_CAM_1 | Seg_1  | CAM_2  | aux_CAM_2 | Seg_2  |
+===========+========+===========+========+========+===========+========+
| bg        | 91.006 | 89.838    | 89.136 | 90.792 | 89.689    | 90.138 |
+-----------+--------+-----------+--------+--------+-----------+--------+
| aeroplane | 68.265 | 77.248    | 62.583 | 70.479 | 77.626    | 70.712 |
+-----------+--------+-----------+--------+--------+-----------+--------+
| bicycle   | 44.880 | 41.591    | 39.879 | 42.092 | 39.808    | 41.987 |
+-----------+--------+-----------+--------+--------+-----------+--------+
| bird      | 82.762 | 81.553    | 78.132 | 76.313 | 82.753    | 80.198 |
+-----------+--------+-----------+--------+--------+-----------+--------+
| boat      | 50.252 | 55.592    | 39.615 | 44.940 | 52.506    | 42.423 |
+-----------+--------+-----------+--------+--------+-----------+--------+
| bottle    | 76.457 | 67.465    | 73.113 | 78.647 | 62.909    | 74.553 |
+-----------+--------+-----------+--------+--------+-----------+--------+
| bus       | 87.574 | 81.946    | 82.013 | 84.036 | 79.067    | 83.318 |
+-----------+--------+-----------+--------+--------+-----------+--------+
| car       | 78.337 | 69.189    | 70.453 | 78.882 | 69.735    | 73.668 |
+-----------+--------+-----------+--------+--------+-----------+--------+
| cat       | 90.511 | 85.471    | 86.838 | 91.023 | 82.218    | 86.305 |
+-----------+--------+-----------+--------+--------+-----------+--------+
| chair     | 54.285 | 46.260    | 33.248 | 50.146 | 47.213    | 34.162 |
+-----------+--------+-----------+--------+--------+-----------+--------+
| cow       | 88.412 | 77.561    | 84.231 | 89.499 | 77.628    | 87.275 |
+-----------+--------+-----------+--------+--------+-----------+--------+
| table     | 48.499 | 53.613    | 49.276 | 54.473 | 54.217    | 45.856 |
+-----------+--------+-----------+--------+--------+-----------+--------+
| dog       | 86.267 | 74.762    | 83.020 | 88.129 | 83.564    | 81.546 |
+-----------+--------+-----------+--------+--------+-----------+--------+
| horse     | 87.846 | 79.257    | 84.101 | 88.218 | 78.221    | 85.698 |
+-----------+--------+-----------+--------+--------+-----------+--------+
| motorbike | 77.579 | 75.529    | 74.032 | 77.967 | 75.398    | 74.376 |
+-----------+--------+-----------+--------+--------+-----------+--------+
| person    | 84.561 | 81.906    | 81.830 | 85.383 | 81.955    | 82.273 |
+-----------+--------+-----------+--------+--------+-----------+--------+
| plant     | 60.098 | 54.472    | 53.996 | 63.200 | 45.697    | 55.833 |
+-----------+--------+-----------+--------+--------+-----------+--------+
| sheep     | 89.051 | 83.077    | 82.778 | 89.585 | 74.687    | 87.595 |
+-----------+--------+-----------+--------+--------+-----------+--------+
| sofa      | 67.335 | 69.003    | 52.541 | 67.926 | 68.538    | 52.300 |
+-----------+--------+-----------+--------+--------+-----------+--------+
| train     | 64.124 | 62.561    | 61.805 | 63.002 | 65.016    | 62.559 |
+-----------+--------+-----------+--------+--------+-----------+--------+
| tvmonitor | 49.990 | 55.426    | 45.184 | 54.508 | 64.006    | 49.147 |
+-----------+--------+-----------+--------+--------+-----------+--------+
| mIoU      | 72.766 | 69.682    | 67.038 | 72.821 | 69.164    | 68.663 |
+-----------+--------+-----------+--------+--------+-----------+--------+
2023-09-29 05:26:55,091 - train_final_voc_imagenet_21k.py - INFO: 
Iter: 16200; Elasped: 6:49:47; ETA: 1:36:07; LR: 1.346e-05; cls_loss: 0.1676 | ptc_loss: 0.2181 | seg_loss: 0.2173 | sim_loss: 0.2305
2023-09-29 05:31:35,416 - train_final_voc_imagenet_21k.py - INFO: 
Iter: 16400; Elasped: 6:54:27; ETA: 1:30:58; LR: 1.282e-05; cls_loss: 0.1548 | ptc_loss: 0.2321 | seg_loss: 0.1810 | sim_loss: 0.2331
2023-09-29 05:36:14,524 - train_final_voc_imagenet_21k.py - INFO: 
Iter: 16600; Elasped: 6:59:06; ETA: 1:25:50; LR: 1.218e-05; cls_loss: 0.1573 | ptc_loss: 0.2097 | seg_loss: 0.1877 | sim_loss: 0.2369
2023-09-29 05:40:54,055 - train_final_voc_imagenet_21k.py - INFO: 
Iter: 16800; Elasped: 7:03:46; ETA: 1:20:43; LR: 1.153e-05; cls_loss: 0.1620 | ptc_loss: 0.2169 | seg_loss: 0.1847 | sim_loss: 0.2363
2023-09-29 05:45:34,057 - train_final_voc_imagenet_21k.py - INFO: 
Iter: 17000; Elasped: 7:08:26; ETA: 1:15:36; LR: 1.088e-05; cls_loss: 0.1668 | ptc_loss: 0.2563 | seg_loss: 0.2224 | sim_loss: 0.2421
2023-09-29 05:50:13,946 - train_final_voc_imagenet_21k.py - INFO: 
Iter: 17200; Elasped: 7:13:05; ETA: 1:10:30; LR: 1.023e-05; cls_loss: 0.1616 | ptc_loss: 0.2441 | seg_loss: 0.2030 | sim_loss: 0.2372
2023-09-29 05:54:54,129 - train_final_voc_imagenet_21k.py - INFO: 
Iter: 17400; Elasped: 7:17:46; ETA: 1:05:24; LR: 9.569e-06; cls_loss: 0.1591 | ptc_loss: 0.2624 | seg_loss: 0.1729 | sim_loss: 0.2214
2023-09-29 05:59:35,810 - train_final_voc_imagenet_21k.py - INFO: 
Iter: 17600; Elasped: 7:22:27; ETA: 1:00:20; LR: 8.904e-06; cls_loss: 0.1494 | ptc_loss: 0.2336 | seg_loss: 0.2338 | sim_loss: 0.2441
2023-09-29 06:04:16,598 - train_final_voc_imagenet_21k.py - INFO: 
Iter: 17800; Elasped: 7:27:08; ETA: 0:55:15; LR: 8.233e-06; cls_loss: 0.1572 | ptc_loss: 0.2343 | seg_loss: 0.2193 | sim_loss: 0.2392
2023-09-29 06:08:57,496 - train_final_voc_imagenet_21k.py - INFO: 
Iter: 18000; Elasped: 7:31:49; ETA: 0:50:12; LR: 7.557e-06; cls_loss: 0.1496 | ptc_loss: 0.2451 | seg_loss: 0.1852 | sim_loss: 0.2363
2023-09-29 06:08:58,310 - train_final_voc_imagenet_21k.py - INFO: Validating...
2023-09-29 06:18:25,001 - train_final_voc_imagenet_21k.py - INFO: val cls score of branch #1: 0.922704
2023-09-29 06:18:25,001 - train_final_voc_imagenet_21k.py - INFO: val cls score of branch #2: 0.930720
2023-09-29 06:18:25,001 - train_final_voc_imagenet_21k.py - INFO: 
+-----------+--------+-----------+--------+--------+-----------+--------+
|   Class   | CAM_1  | aux_CAM_1 | Seg_1  | CAM_2  | aux_CAM_2 | Seg_2  |
+===========+========+===========+========+========+===========+========+
| bg        | 91.458 | 90.202    | 89.640 | 90.736 | 89.724    | 90.398 |
+-----------+--------+-----------+--------+--------+-----------+--------+
| aeroplane | 75.253 | 80.300    | 71.064 | 73.770 | 80.369    | 76.189 |
+-----------+--------+-----------+--------+--------+-----------+--------+
| bicycle   | 45.463 | 41.456    | 39.781 | 40.945 | 39.464    | 42.259 |
+-----------+--------+-----------+--------+--------+-----------+--------+
| bird      | 81.894 | 81.317    | 76.960 | 77.331 | 80.543    | 79.270 |
+-----------+--------+-----------+--------+--------+-----------+--------+
| boat      | 54.934 | 57.268    | 45.881 | 51.920 | 56.733    | 48.371 |
+-----------+--------+-----------+--------+--------+-----------+--------+
| bottle    | 78.191 | 65.730    | 72.693 | 77.912 | 63.734    | 74.204 |
+-----------+--------+-----------+--------+--------+-----------+--------+
| bus       | 88.763 | 81.722    | 84.776 | 84.647 | 76.757    | 86.164 |
+-----------+--------+-----------+--------+--------+-----------+--------+
| car       | 79.236 | 69.777    | 72.787 | 78.877 | 69.278    | 75.404 |
+-----------+--------+-----------+--------+--------+-----------+--------+
| cat       | 89.944 | 82.016    | 89.073 | 91.422 | 83.255    | 89.525 |
+-----------+--------+-----------+--------+--------+-----------+--------+
| chair     | 55.673 | 47.379    | 37.349 | 49.661 | 44.854    | 36.027 |
+-----------+--------+-----------+--------+--------+-----------+--------+
| cow       | 88.261 | 78.301    | 82.825 | 89.440 | 77.167    | 87.867 |
+-----------+--------+-----------+--------+--------+-----------+--------+
| table     | 57.661 | 56.008    | 56.736 | 60.675 | 56.628    | 54.507 |
+-----------+--------+-----------+--------+--------+-----------+--------+
| dog       | 88.144 | 80.344    | 84.082 | 89.269 | 83.781    | 85.929 |
+-----------+--------+-----------+--------+--------+-----------+--------+
| horse     | 88.437 | 82.189    | 81.450 | 88.031 | 79.622    | 86.163 |
+-----------+--------+-----------+--------+--------+-----------+--------+
| motorbike | 79.493 | 77.198    | 74.286 | 79.608 | 77.303    | 76.508 |
+-----------+--------+-----------+--------+--------+-----------+--------+
| person    | 85.332 | 82.837    | 83.015 | 85.433 | 82.195    | 83.837 |
+-----------+--------+-----------+--------+--------+-----------+--------+
| plant     | 55.164 | 56.262    | 51.512 | 54.796 | 46.997    | 51.138 |
+-----------+--------+-----------+--------+--------+-----------+--------+
| sheep     | 89.153 | 83.801    | 86.388 | 88.718 | 76.114    | 88.539 |
+-----------+--------+-----------+--------+--------+-----------+--------+
| sofa      | 68.048 | 69.291    | 51.540 | 67.505 | 69.818    | 51.084 |
+-----------+--------+-----------+--------+--------+-----------+--------+
| train     | 65.898 | 64.154    | 63.248 | 63.519 | 65.507    | 63.279 |
+-----------+--------+-----------+--------+--------+-----------+--------+
| tvmonitor | 47.718 | 57.642    | 43.130 | 48.849 | 61.274    | 43.585 |
+-----------+--------+-----------+--------+--------+-----------+--------+
| mIoU      | 74.006 | 70.723    | 68.486 | 73.003 | 69.577    | 70.012 |
+-----------+--------+-----------+--------+--------+-----------+--------+
2023-09-29 06:23:07,476 - train_final_voc_imagenet_21k.py - INFO: 
Iter: 18200; Elasped: 7:45:59; ETA: 0:46:05; LR: 6.874e-06; cls_loss: 0.1465 | ptc_loss: 0.2403 | seg_loss: 0.1840 | sim_loss: 0.2169
2023-09-29 06:27:45,282 - train_final_voc_imagenet_21k.py - INFO: 
Iter: 18400; Elasped: 7:50:37; ETA: 0:40:55; LR: 6.183e-06; cls_loss: 0.1568 | ptc_loss: 0.1832 | seg_loss: 0.1888 | sim_loss: 0.2342
2023-09-29 06:32:27,527 - train_final_voc_imagenet_21k.py - INFO: 
Iter: 18600; Elasped: 7:55:19; ETA: 0:35:46; LR: 5.483e-06; cls_loss: 0.1390 | ptc_loss: 0.2719 | seg_loss: 0.1949 | sim_loss: 0.2214
2023-09-29 06:37:07,618 - train_final_voc_imagenet_21k.py - INFO: 
Iter: 18800; Elasped: 7:59:59; ETA: 0:30:38; LR: 4.773e-06; cls_loss: 0.1767 | ptc_loss: 0.2129 | seg_loss: 0.1726 | sim_loss: 0.2191
2023-09-29 06:41:50,680 - train_final_voc_imagenet_21k.py - INFO: 
Iter: 19000; Elasped: 8:04:42; ETA: 0:25:30; LR: 4.051e-06; cls_loss: 0.1138 | ptc_loss: 0.2347 | seg_loss: 0.1732 | sim_loss: 0.2252
2023-09-29 06:46:43,505 - train_final_voc_imagenet_21k.py - INFO: 
Iter: 19200; Elasped: 8:09:35; ETA: 0:20:23; LR: 3.315e-06; cls_loss: 0.1532 | ptc_loss: 0.2457 | seg_loss: 0.1943 | sim_loss: 0.2253
2023-09-29 06:51:23,005 - train_final_voc_imagenet_21k.py - INFO: 
Iter: 19400; Elasped: 8:14:15; ETA: 0:15:17; LR: 2.560e-06; cls_loss: 0.1484 | ptc_loss: 0.2141 | seg_loss: 0.1869 | sim_loss: 0.2274
2023-09-29 06:56:04,094 - train_final_voc_imagenet_21k.py - INFO: 
Iter: 19600; Elasped: 8:18:56; ETA: 0:10:10; LR: 1.779e-06; cls_loss: 0.1407 | ptc_loss: 0.2522 | seg_loss: 0.1686 | sim_loss: 0.2244
2023-09-29 07:00:43,993 - train_final_voc_imagenet_21k.py - INFO: 
Iter: 19800; Elasped: 8:23:35; ETA: 0:05:05; LR: 9.552e-07; cls_loss: 0.1302 | ptc_loss: 0.2425 | seg_loss: 0.1704 | sim_loss: 0.2336
2023-09-29 07:05:23,427 - train_final_voc_imagenet_21k.py - INFO: 
Iter: 20000; Elasped: 8:28:15; ETA: 0:00:00; LR: 8.077e-09; cls_loss: 0.1394 | ptc_loss: 0.2526 | seg_loss: 0.1808 | sim_loss: 0.2200
2023-09-29 07:05:24,291 - train_final_voc_imagenet_21k.py - INFO: Validating...
2023-09-29 07:14:50,156 - train_final_voc_imagenet_21k.py - INFO: val cls score of branch #1: 0.926101
2023-09-29 07:14:50,156 - train_final_voc_imagenet_21k.py - INFO: val cls score of branch #2: 0.931829
2023-09-29 07:14:50,156 - train_final_voc_imagenet_21k.py - INFO: 
+-----------+--------+-----------+--------+--------+-----------+--------+
|   Class   | CAM_1  | aux_CAM_1 | Seg_1  | CAM_2  | aux_CAM_2 | Seg_2  |
+===========+========+===========+========+========+===========+========+
| bg        | 91.486 | 90.369    | 89.856 | 90.786 | 89.916    | 90.456 |
+-----------+--------+-----------+--------+--------+-----------+--------+
| aeroplane | 74.998 | 80.342    | 71.104 | 71.982 | 81.979    | 73.461 |
+-----------+--------+-----------+--------+--------+-----------+--------+
| bicycle   | 45.438 | 43.038    | 40.730 | 41.579 | 39.983    | 42.374 |
+-----------+--------+-----------+--------+--------+-----------+--------+
| bird      | 81.298 | 82.061    | 77.392 | 75.490 | 81.626    | 77.708 |
+-----------+--------+-----------+--------+--------+-----------+--------+
| boat      | 57.265 | 58.358    | 48.907 | 54.880 | 57.424    | 53.095 |
+-----------+--------+-----------+--------+--------+-----------+--------+
| bottle    | 78.484 | 68.252    | 73.623 | 78.489 | 64.721    | 75.307 |
+-----------+--------+-----------+--------+--------+-----------+--------+
| bus       | 88.649 | 81.657    | 85.619 | 85.146 | 79.103    | 87.025 |
+-----------+--------+-----------+--------+--------+-----------+--------+
| car       | 78.949 | 70.067    | 72.544 | 78.693 | 69.527    | 75.201 |
+-----------+--------+-----------+--------+--------+-----------+--------+
| cat       | 90.352 | 83.022    | 89.459 | 91.667 | 84.349    | 90.075 |
+-----------+--------+-----------+--------+--------+-----------+--------+
| chair     | 55.180 | 46.461    | 36.750 | 50.384 | 44.872    | 35.964 |
+-----------+--------+-----------+--------+--------+-----------+--------+
| cow       | 88.175 | 77.880    | 86.302 | 89.317 | 75.564    | 88.468 |
+-----------+--------+-----------+--------+--------+-----------+--------+
| table     | 57.051 | 55.793    | 55.639 | 60.185 | 56.446    | 53.745 |
+-----------+--------+-----------+--------+--------+-----------+--------+
| dog       | 88.374 | 82.232    | 85.360 | 89.134 | 84.952    | 86.277 |
+-----------+--------+-----------+--------+--------+-----------+--------+
| horse     | 88.212 | 82.400    | 83.889 | 87.854 | 79.496    | 86.715 |
+-----------+--------+-----------+--------+--------+-----------+--------+
| motorbike | 79.047 | 77.139    | 74.526 | 79.921 | 76.501    | 76.770 |
+-----------+--------+-----------+--------+--------+-----------+--------+
| person    | 85.446 | 82.498    | 83.115 | 85.615 | 82.864    | 83.750 |
+-----------+--------+-----------+--------+--------+-----------+--------+
| plant     | 56.925 | 57.567    | 50.144 | 55.243 | 44.521    | 53.396 |
+-----------+--------+-----------+--------+--------+-----------+--------+
| sheep     | 89.004 | 83.800    | 86.863 | 88.756 | 75.527    | 88.774 |
+-----------+--------+-----------+--------+--------+-----------+--------+
| sofa      | 67.897 | 69.234    | 51.769 | 68.596 | 70.508    | 51.665 |
+-----------+--------+-----------+--------+--------+-----------+--------+
| train     | 65.390 | 63.801    | 63.037 | 63.956 | 65.334    | 63.959 |
+-----------+--------+-----------+--------+--------+-----------+--------+
| tvmonitor | 48.155 | 58.384    | 43.699 | 48.873 | 62.812    | 43.315 |
+-----------+--------+-----------+--------+--------+-----------+--------+
| mIoU      | 74.085 | 71.160    | 69.063 | 73.169 | 69.906    | 70.357 |
+-----------+--------+-----------+--------+--------+-----------+--------+
