2023-09-26 21:50:19,319 - train_toco_v6_4_17.py - INFO: Pytorch version: 1.13.1+cu117
2023-09-26 21:50:19,408 - train_toco_v6_4_17.py - INFO: GPU type: NVIDIA GeForce RTX 3090
2023-09-26 21:50:19,409 - train_toco_v6_4_17.py - INFO: 
args: Namespace(aux_layer=-3, backbone='deit_base_patch16_224', backend='nccl', betas=(0.9, 0.999), bkg_thre=0.5, cam_iters=2000, cam_scales=(1.0, 0.5, 1.5), ckpt_dir='work_dir_voc_wseg/2023-09-26-21-50-19-319439_v6_4_17/checkpoints', comment='_v6_4_17', crop_size=448, data_folder='/media/store/wyc/Dataset/VOC2012/images', eval_iters=2000, gamma=0.95, gmm_iters=8000, gmm_valid_thre=1.0, high_thre=0.7, ignore_index=255, list_folder='datasets/voc', log_iters=200, low_thre=0.25, lr=6e-05, max_iters=20000, num_classes=21, num_workers=10, optimizer='PolyWarmupAdamW', pooling='gmp', power=0.9, pred_dir='work_dir_voc_wseg/2023-09-26-21-50-19-319439_v6_4_17/predictions', pretrained=True, samples_per_gpu=2, save_ckpt=True, scales=(0.5, 2), seed=0, train_set='train_aug', val_set='val', w_ptc=0.2, w_seg=0.2, w_seg_diff=2.0, warmup_iters=1500, warmup_lr=1e-06, work_dir='work_dir_voc_wseg/2023-09-26-21-50-19-319439_v6_4_17', wt_decay=0.01)
2023-09-26 21:50:19,410 - distributed_c10d.py - INFO: Added key: store_based_barrier_key:1 to store for rank: 0
2023-09-26 21:50:19,421 - distributed_c10d.py - INFO: Rank 0: Completed store-based barrier for key:store_based_barrier_key:1 with 2 nodes.
2023-09-26 21:50:19,424 - train_toco_v6_4_17.py - INFO: Total gpus: 2, samples per gpu: 2...
2023-09-26 21:50:26,814 - train_toco_v6_4_17.py - INFO: 
Optimizer: 
PolyWarmupAdamW (
Parameter Group 0
    amsgrad: False
    betas: (0.9, 0.999)
    capturable: False
    eps: 1e-08
    foreach: None
    lr: 6e-05
    maximize: False
    weight_decay: 0.01

Parameter Group 1
    amsgrad: False
    betas: (0.9, 0.999)
    capturable: False
    eps: 1e-08
    foreach: None
    lr: 6e-05
    maximize: False
    weight_decay: 0.01

Parameter Group 2
    amsgrad: False
    betas: (0.9, 0.999)
    capturable: False
    eps: 1e-08
    foreach: None
    lr: 0.0006000000000000001
    maximize: False
    weight_decay: 0.01

Parameter Group 3
    amsgrad: False
    betas: (0.9, 0.999)
    capturable: False
    eps: 1e-08
    foreach: None
    lr: 0.0006000000000000001
    maximize: False
    weight_decay: 0.01
)
2023-09-26 21:53:33,750 - train_toco_v6_4_17.py - INFO: 
Iter: 200; Elasped: 0:03:14; ETA: 5:20:06; LR: 7.960e-06; cls_loss: 1.9152 | ptc_loss: 0.8992 | seg_loss: 1.0000 | sim_loss: 3.8002
2023-09-26 21:56:38,182 - train_toco_v6_4_17.py - INFO: 
Iter: 400; Elasped: 0:06:19; ETA: 5:09:31; LR: 1.596e-05; cls_loss: 1.0028 | ptc_loss: 0.8786 | seg_loss: 1.0000 | sim_loss: 2.7888
2023-09-26 21:59:42,761 - train_toco_v6_4_17.py - INFO: 
Iter: 600; Elasped: 0:09:23; ETA: 5:03:23; LR: 2.396e-05; cls_loss: 0.8250 | ptc_loss: 0.7346 | seg_loss: 1.0000 | sim_loss: 2.3167
2023-09-26 22:02:47,377 - train_toco_v6_4_17.py - INFO: 
Iter: 800; Elasped: 0:12:28; ETA: 4:59:12; LR: 3.196e-05; cls_loss: 0.6890 | ptc_loss: 0.5991 | seg_loss: 1.0000 | sim_loss: 1.9790
2023-09-26 22:05:51,565 - train_toco_v6_4_17.py - INFO: 
Iter: 1000; Elasped: 0:15:32; ETA: 4:55:08; LR: 3.996e-05; cls_loss: 0.6092 | ptc_loss: 0.5829 | seg_loss: 1.0000 | sim_loss: 1.6986
2023-09-26 22:08:56,622 - train_toco_v6_4_17.py - INFO: 
Iter: 1200; Elasped: 0:18:37; ETA: 4:51:39; LR: 4.796e-05; cls_loss: 0.5844 | ptc_loss: 0.4332 | seg_loss: 1.0000 | sim_loss: 1.2373
2023-09-26 22:12:00,961 - train_toco_v6_4_17.py - INFO: 
Iter: 1400; Elasped: 0:21:41; ETA: 4:48:04; LR: 5.596e-05; cls_loss: 0.5177 | ptc_loss: 0.3379 | seg_loss: 1.0000 | sim_loss: 0.7891
2023-09-26 22:15:05,457 - train_toco_v6_4_17.py - INFO: 
Iter: 1600; Elasped: 0:24:46; ETA: 4:44:49; LR: 5.566e-05; cls_loss: 0.5114 | ptc_loss: 0.3392 | seg_loss: 1.0000 | sim_loss: 0.7145
2023-09-26 22:18:10,007 - train_toco_v6_4_17.py - INFO: 
Iter: 1800; Elasped: 0:27:51; ETA: 4:41:35; LR: 5.512e-05; cls_loss: 0.5293 | ptc_loss: 0.3256 | seg_loss: 1.0000 | sim_loss: 0.6162
2023-09-26 22:21:14,540 - train_toco_v6_4_17.py - INFO: 
Iter: 2000; Elasped: 0:30:55; ETA: 4:38:15; LR: 5.457e-05; cls_loss: 0.4497 | ptc_loss: 0.3094 | seg_loss: 1.0000 | sim_loss: 0.5428
2023-09-26 22:21:15,505 - train_toco_v6_4_17.py - INFO: Validating...
2023-09-26 22:30:32,982 - train_toco_v6_4_17.py - INFO: val cls score of branch #1: 0.830966
2023-09-26 22:30:32,982 - train_toco_v6_4_17.py - INFO: val cls score of branch #2: 0.810976
2023-09-26 22:30:32,982 - train_toco_v6_4_17.py - INFO: 
+-----------+--------+-----------+--------+--------+-----------+-------+
|   Class   | CAM_1  | aux_CAM_1 | Seg_1  | CAM_2  | aux_CAM_2 | Seg_2 |
+===========+========+===========+========+========+===========+=======+
| bg        | 84.121 | 81.470    | 11.305 | 78.704 | 80.328    | 0.104 |
+-----------+--------+-----------+--------+--------+-----------+-------+
| aeroplane | 68.476 | 71.396    | 0.202  | 58.881 | 64.040    | 0.150 |
+-----------+--------+-----------+--------+--------+-----------+-------+
| bicycle   | 31.250 | 37.433    | 0.134  | 30.785 | 44.175    | 0.068 |
+-----------+--------+-----------+--------+--------+-----------+-------+
| bird      | 73.964 | 69.099    | 0.072  | 44.159 | 42.933    | 0.856 |
+-----------+--------+-----------+--------+--------+-----------+-------+
| boat      | 45.791 | 29.498    | 0.120  | 41.674 | 42.633    | 0.009 |
+-----------+--------+-----------+--------+--------+-----------+-------+
| bottle    | 62.418 | 48.577    | 0      | 39.121 | 30.193    | 0.438 |
+-----------+--------+-----------+--------+--------+-----------+-------+
| bus       | 81.858 | 75.226    | 0.003  | 55.354 | 49.366    | 1.077 |
+-----------+--------+-----------+--------+--------+-----------+-------+
| car       | 76.674 | 71.417    | 0.066  | 51.688 | 50.241    | 1.457 |
+-----------+--------+-----------+--------+--------+-----------+-------+
| cat       | 64.096 | 39.871    | 0.087  | 52.183 | 40.100    | 1.404 |
+-----------+--------+-----------+--------+--------+-----------+-------+
| chair     | 32.007 | 28.779    | 0.007  | 15.734 | 15.878    | 0.001 |
+-----------+--------+-----------+--------+--------+-----------+-------+
| cow       | 78.521 | 56.697    | 0.159  | 49.024 | 39.859    | 0.270 |
+-----------+--------+-----------+--------+--------+-----------+-------+
| table     | 48.138 | 44.842    | 0.100  | 27.574 | 24.161    | 1.926 |
+-----------+--------+-----------+--------+--------+-----------+-------+
| dog       | 72.539 | 58.169    | 1.105  | 50.860 | 48.904    | 0.029 |
+-----------+--------+-----------+--------+--------+-----------+-------+
| horse     | 80.337 | 62.695    | 0.183  | 48.281 | 51.781    | 0.002 |
+-----------+--------+-----------+--------+--------+-----------+-------+
| motorbike | 63.938 | 70.737    | 0.192  | 63.195 | 69.593    | 2.204 |
+-----------+--------+-----------+--------+--------+-----------+-------+
| person    | 41.310 | 29.955    | 2.510  | 43.346 | 46.934    | 1.736 |
+-----------+--------+-----------+--------+--------+-----------+-------+
| plant     | 44.533 | 53.829    | 0.030  | 33.390 | 38.449    | 0.009 |
+-----------+--------+-----------+--------+--------+-----------+-------+
| sheep     | 79.627 | 66.249    | 0.042  | 53.410 | 57.406    | 0.123 |
+-----------+--------+-----------+--------+--------+-----------+-------+
| sofa      | 42.174 | 52.220    | 3.453  | 24.176 | 28.287    | 0.688 |
+-----------+--------+-----------+--------+--------+-----------+-------+
| train     | 59.003 | 46.573    | 1.257  | 48.775 | 34.970    | 0.125 |
+-----------+--------+-----------+--------+--------+-----------+-------+
| tvmonitor | 28.989 | 31.157    | 0.492  | 15.659 | 16.644    | 0.180 |
+-----------+--------+-----------+--------+--------+-----------+-------+
| mIoU      | 59.989 | 53.614    | 1.025  | 44.094 | 43.661    | 0.612 |
+-----------+--------+-----------+--------+--------+-----------+-------+
2023-09-26 22:34:01,207 - train_toco_v6_4_17.py - INFO: 
Iter: 2200; Elasped: 0:43:42; ETA: 5:53:34; LR: 5.403e-05; cls_loss: 0.4912 | ptc_loss: 0.3184 | seg_loss: 2.2054 | sim_loss: 0.8066
2023-09-26 22:37:27,094 - train_toco_v6_4_17.py - INFO: 
Iter: 2400; Elasped: 0:47:08; ETA: 5:45:38; LR: 5.348e-05; cls_loss: 0.4710 | ptc_loss: 0.3298 | seg_loss: 1.3693 | sim_loss: 0.8261
2023-09-26 22:40:53,393 - train_toco_v6_4_17.py - INFO: 
Iter: 2600; Elasped: 0:50:34; ETA: 5:38:24; LR: 5.293e-05; cls_loss: 0.4904 | ptc_loss: 0.3505 | seg_loss: 0.9995 | sim_loss: 0.7448
2023-09-26 22:44:22,731 - train_toco_v6_4_17.py - INFO: 
Iter: 2800; Elasped: 0:54:03; ETA: 5:32:01; LR: 5.239e-05; cls_loss: 0.4261 | ptc_loss: 0.3363 | seg_loss: 0.9903 | sim_loss: 0.7228
2023-09-26 22:47:51,220 - train_toco_v6_4_17.py - INFO: 
Iter: 3000; Elasped: 0:57:32; ETA: 5:26:01; LR: 5.184e-05; cls_loss: 0.4436 | ptc_loss: 0.3216 | seg_loss: 0.9011 | sim_loss: 0.6582
2023-09-26 22:51:19,726 - train_toco_v6_4_17.py - INFO: 
Iter: 3200; Elasped: 1:01:00; ETA: 5:20:15; LR: 5.129e-05; cls_loss: 0.4548 | ptc_loss: 0.3317 | seg_loss: 0.8761 | sim_loss: 0.6503
2023-09-26 22:54:48,052 - train_toco_v6_4_17.py - INFO: 
Iter: 3400; Elasped: 1:04:29; ETA: 5:14:49; LR: 5.074e-05; cls_loss: 0.4460 | ptc_loss: 0.3219 | seg_loss: 0.8311 | sim_loss: 0.6168
2023-09-26 22:58:15,623 - train_toco_v6_4_17.py - INFO: 
Iter: 3600; Elasped: 1:07:56; ETA: 5:09:28; LR: 5.019e-05; cls_loss: 0.4135 | ptc_loss: 0.3029 | seg_loss: 0.9691 | sim_loss: 0.6139
2023-09-26 23:01:43,317 - train_toco_v6_4_17.py - INFO: 
Iter: 3800; Elasped: 1:11:24; ETA: 5:04:23; LR: 4.964e-05; cls_loss: 0.4294 | ptc_loss: 0.3157 | seg_loss: 0.7821 | sim_loss: 0.5911
2023-09-26 23:05:10,978 - train_toco_v6_4_17.py - INFO: 
Iter: 4000; Elasped: 1:14:51; ETA: 4:59:24; LR: 4.909e-05; cls_loss: 0.4063 | ptc_loss: 0.2653 | seg_loss: 0.7047 | sim_loss: 0.5710
2023-09-26 23:05:11,823 - train_toco_v6_4_17.py - INFO: Validating...
2023-09-26 23:14:36,150 - train_toco_v6_4_17.py - INFO: val cls score of branch #1: 0.861648
2023-09-26 23:14:36,150 - train_toco_v6_4_17.py - INFO: val cls score of branch #2: 0.885601
2023-09-26 23:14:36,150 - train_toco_v6_4_17.py - INFO: 
+-----------+--------+-----------+--------+--------+-----------+--------+
|   Class   | CAM_1  | aux_CAM_1 | Seg_1  | CAM_2  | aux_CAM_2 | Seg_2  |
+===========+========+===========+========+========+===========+========+
| bg        | 85.028 | 83.095    | 81.780 | 83.786 | 84.412    | 83.722 |
+-----------+--------+-----------+--------+--------+-----------+--------+
| aeroplane | 63.823 | 68.936    | 24.889 | 50.210 | 65.890    | 53.615 |
+-----------+--------+-----------+--------+--------+-----------+--------+
| bicycle   | 36.835 | 41.844    | 32.184 | 36.117 | 39.537    | 31.267 |
+-----------+--------+-----------+--------+--------+-----------+--------+
| bird      | 57.152 | 64.324    | 39.259 | 44.537 | 46.049    | 47.589 |
+-----------+--------+-----------+--------+--------+-----------+--------+
| boat      | 38.035 | 38.362    | 28.533 | 31.141 | 52.437    | 30.969 |
+-----------+--------+-----------+--------+--------+-----------+--------+
| bottle    | 62.610 | 47.872    | 61.796 | 62.543 | 50.400    | 58.439 |
+-----------+--------+-----------+--------+--------+-----------+--------+
| bus       | 79.342 | 72.389    | 73.292 | 78.004 | 72.979    | 48.080 |
+-----------+--------+-----------+--------+--------+-----------+--------+
| car       | 75.062 | 70.990    | 59.099 | 73.990 | 67.513    | 50.334 |
+-----------+--------+-----------+--------+--------+-----------+--------+
| cat       | 75.041 | 41.220    | 60.091 | 82.273 | 52.953    | 77.245 |
+-----------+--------+-----------+--------+--------+-----------+--------+
| chair     | 30.282 | 26.102    | 14.039 | 31.278 | 25.312    | 17.259 |
+-----------+--------+-----------+--------+--------+-----------+--------+
| cow       | 74.389 | 50.241    | 54.862 | 78.608 | 50.659    | 59.136 |
+-----------+--------+-----------+--------+--------+-----------+--------+
| table     | 44.099 | 39.620    | 33.012 | 43.641 | 42.253    | 35.620 |
+-----------+--------+-----------+--------+--------+-----------+--------+
| dog       | 73.219 | 62.458    | 52.049 | 78.991 | 64.609    | 71.333 |
+-----------+--------+-----------+--------+--------+-----------+--------+
| horse     | 78.795 | 51.379    | 59.670 | 76.188 | 64.398    | 58.567 |
+-----------+--------+-----------+--------+--------+-----------+--------+
| motorbike | 69.327 | 70.656    | 67.717 | 74.526 | 71.419    | 65.449 |
+-----------+--------+-----------+--------+--------+-----------+--------+
| person    | 70.168 | 45.337    | 69.416 | 74.281 | 73.294    | 70.308 |
+-----------+--------+-----------+--------+--------+-----------+--------+
| plant     | 42.926 | 47.274    | 38.775 | 47.195 | 60.565    | 38.005 |
+-----------+--------+-----------+--------+--------+-----------+--------+
| sheep     | 80.414 | 64.010    | 66.983 | 81.446 | 70.949    | 75.581 |
+-----------+--------+-----------+--------+--------+-----------+--------+
| sofa      | 43.433 | 51.532    | 29.197 | 49.408 | 57.136    | 33.051 |
+-----------+--------+-----------+--------+--------+-----------+--------+
| train     | 56.003 | 45.096    | 31.985 | 54.299 | 44.142    | 52.111 |
+-----------+--------+-----------+--------+--------+-----------+--------+
| tvmonitor | 30.302 | 36.706    | 29.132 | 29.811 | 34.456    | 27.219 |
+-----------+--------+-----------+--------+--------+-----------+--------+
| mIoU      | 60.299 | 53.307    | 47.989 | 60.108 | 56.732    | 51.662 |
+-----------+--------+-----------+--------+--------+-----------+--------+
2023-09-26 23:18:05,059 - train_toco_v6_4_17.py - INFO: 
Iter: 4200; Elasped: 1:27:46; ETA: 5:30:10; LR: 4.853e-05; cls_loss: 0.3469 | ptc_loss: 0.2796 | seg_loss: 0.6899 | sim_loss: 0.5433
2023-09-26 23:21:31,696 - train_toco_v6_4_17.py - INFO: 
Iter: 4400; Elasped: 1:31:12; ETA: 5:23:20; LR: 4.798e-05; cls_loss: 0.3520 | ptc_loss: 0.2989 | seg_loss: 0.5808 | sim_loss: 0.5275
2023-09-26 23:24:58,586 - train_toco_v6_4_17.py - INFO: 
Iter: 4600; Elasped: 1:34:39; ETA: 5:16:52; LR: 4.743e-05; cls_loss: 0.3851 | ptc_loss: 0.2961 | seg_loss: 0.6244 | sim_loss: 0.5022
2023-09-26 23:28:25,497 - train_toco_v6_4_17.py - INFO: 
Iter: 4800; Elasped: 1:38:06; ETA: 5:10:39; LR: 4.687e-05; cls_loss: 0.3827 | ptc_loss: 0.2945 | seg_loss: 0.6609 | sim_loss: 0.5126
2023-09-26 23:31:52,289 - train_toco_v6_4_17.py - INFO: 
Iter: 5000; Elasped: 1:41:33; ETA: 5:04:39; LR: 4.632e-05; cls_loss: 0.4024 | ptc_loss: 0.2880 | seg_loss: 0.8539 | sim_loss: 0.4849
2023-09-26 23:35:18,972 - train_toco_v6_4_17.py - INFO: 
Iter: 5200; Elasped: 1:44:59; ETA: 4:58:47; LR: 4.576e-05; cls_loss: 0.3599 | ptc_loss: 0.3130 | seg_loss: 0.5494 | sim_loss: 0.4894
2023-09-26 23:38:48,914 - train_toco_v6_4_17.py - INFO: 
Iter: 5400; Elasped: 1:48:29; ETA: 4:53:18; LR: 4.520e-05; cls_loss: 0.3470 | ptc_loss: 0.3126 | seg_loss: 0.5588 | sim_loss: 0.4510
2023-09-26 23:42:16,623 - train_toco_v6_4_17.py - INFO: 
Iter: 5600; Elasped: 1:51:57; ETA: 4:47:52; LR: 4.465e-05; cls_loss: 0.3384 | ptc_loss: 0.2973 | seg_loss: 0.5085 | sim_loss: 0.4783
2023-09-26 23:45:44,597 - train_toco_v6_4_17.py - INFO: 
Iter: 5800; Elasped: 1:55:25; ETA: 4:42:34; LR: 4.409e-05; cls_loss: 0.3240 | ptc_loss: 0.2715 | seg_loss: 0.4711 | sim_loss: 0.4376
2023-09-26 23:49:11,129 - train_toco_v6_4_17.py - INFO: 
Iter: 6000; Elasped: 1:58:52; ETA: 4:37:21; LR: 4.353e-05; cls_loss: 0.3671 | ptc_loss: 0.2893 | seg_loss: 0.5286 | sim_loss: 0.4129
2023-09-26 23:49:11,841 - train_toco_v6_4_17.py - INFO: Validating...
2023-09-26 23:58:35,321 - train_toco_v6_4_17.py - INFO: val cls score of branch #1: 0.881932
2023-09-26 23:58:35,321 - train_toco_v6_4_17.py - INFO: val cls score of branch #2: 0.871929
2023-09-26 23:58:35,321 - train_toco_v6_4_17.py - INFO: 
+-----------+--------+-----------+--------+--------+-----------+--------+
|   Class   | CAM_1  | aux_CAM_1 | Seg_1  | CAM_2  | aux_CAM_2 | Seg_2  |
+===========+========+===========+========+========+===========+========+
| bg        | 87.289 | 84.129    | 85.424 | 85.445 | 84.516    | 85.655 |
+-----------+--------+-----------+--------+--------+-----------+--------+
| aeroplane | 68.085 | 70.434    | 65.899 | 60.064 | 69.055    | 62.338 |
+-----------+--------+-----------+--------+--------+-----------+--------+
| bicycle   | 39.781 | 39.310    | 35.166 | 36.493 | 38.084    | 26.136 |
+-----------+--------+-----------+--------+--------+-----------+--------+
| bird      | 65.933 | 66.539    | 51.081 | 47.269 | 45.030    | 51.970 |
+-----------+--------+-----------+--------+--------+-----------+--------+
| boat      | 39.935 | 43.175    | 33.074 | 33.466 | 50.469    | 30.880 |
+-----------+--------+-----------+--------+--------+-----------+--------+
| bottle    | 58.451 | 43.185    | 60.044 | 63.511 | 51.418    | 61.057 |
+-----------+--------+-----------+--------+--------+-----------+--------+
| bus       | 82.869 | 67.759    | 80.910 | 80.135 | 71.515    | 75.809 |
+-----------+--------+-----------+--------+--------+-----------+--------+
| car       | 81.206 | 65.983    | 70.244 | 78.831 | 67.725    | 74.827 |
+-----------+--------+-----------+--------+--------+-----------+--------+
| cat       | 81.213 | 55.730    | 79.774 | 85.356 | 63.794    | 78.284 |
+-----------+--------+-----------+--------+--------+-----------+--------+
| chair     | 33.983 | 28.518    | 15.755 | 30.714 | 29.215    | 18.158 |
+-----------+--------+-----------+--------+--------+-----------+--------+
| cow       | 79.749 | 54.293    | 71.980 | 83.165 | 48.299    | 76.313 |
+-----------+--------+-----------+--------+--------+-----------+--------+
| table     | 51.404 | 49.018    | 38.273 | 48.478 | 51.226    | 45.599 |
+-----------+--------+-----------+--------+--------+-----------+--------+
| dog       | 80.399 | 63.704    | 74.620 | 75.939 | 57.204    | 75.386 |
+-----------+--------+-----------+--------+--------+-----------+--------+
| horse     | 83.158 | 61.229    | 76.697 | 79.944 | 71.220    | 73.862 |
+-----------+--------+-----------+--------+--------+-----------+--------+
| motorbike | 76.221 | 63.314    | 70.631 | 77.358 | 75.996    | 71.850 |
+-----------+--------+-----------+--------+--------+-----------+--------+
| person    | 72.468 | 46.404    | 70.565 | 74.350 | 74.985    | 68.852 |
+-----------+--------+-----------+--------+--------+-----------+--------+
| plant     | 46.706 | 47.496    | 40.738 | 52.179 | 59.404    | 39.289 |
+-----------+--------+-----------+--------+--------+-----------+--------+
| sheep     | 85.638 | 62.203    | 77.616 | 86.962 | 73.495    | 79.371 |
+-----------+--------+-----------+--------+--------+-----------+--------+
| sofa      | 52.328 | 59.806    | 35.195 | 53.875 | 58.189    | 36.129 |
+-----------+--------+-----------+--------+--------+-----------+--------+
| train     | 58.696 | 48.165    | 57.022 | 57.507 | 43.557    | 52.256 |
+-----------+--------+-----------+--------+--------+-----------+--------+
| tvmonitor | 32.475 | 43.922    | 30.743 | 30.404 | 35.602    | 29.479 |
+-----------+--------+-----------+--------+--------+-----------+--------+
| mIoU      | 64.666 | 55.444    | 58.164 | 62.926 | 58.095    | 57.786 |
+-----------+--------+-----------+--------+--------+-----------+--------+
2023-09-27 00:02:03,154 - train_toco_v6_4_17.py - INFO: 
Iter: 6200; Elasped: 2:11:44; ETA: 4:53:12; LR: 4.297e-05; cls_loss: 0.3613 | ptc_loss: 0.2662 | seg_loss: 0.5122 | sim_loss: 0.4115
2023-09-27 00:05:31,390 - train_toco_v6_4_17.py - INFO: 
Iter: 6400; Elasped: 2:15:12; ETA: 4:47:18; LR: 4.241e-05; cls_loss: 0.3536 | ptc_loss: 0.2648 | seg_loss: 0.6026 | sim_loss: 0.4250
2023-09-27 00:08:59,795 - train_toco_v6_4_17.py - INFO: 
Iter: 6600; Elasped: 2:18:40; ETA: 4:41:32; LR: 4.185e-05; cls_loss: 0.3580 | ptc_loss: 0.3168 | seg_loss: 0.6640 | sim_loss: 0.4068
2023-09-27 00:12:27,621 - train_toco_v6_4_17.py - INFO: 
Iter: 6800; Elasped: 2:22:08; ETA: 4:35:54; LR: 4.128e-05; cls_loss: 0.3329 | ptc_loss: 0.2883 | seg_loss: 0.4365 | sim_loss: 0.3923
2023-09-27 00:15:55,304 - train_toco_v6_4_17.py - INFO: 
Iter: 7000; Elasped: 2:25:36; ETA: 4:30:24; LR: 4.072e-05; cls_loss: 0.3443 | ptc_loss: 0.2721 | seg_loss: 0.4618 | sim_loss: 0.3490
2023-09-27 00:19:23,811 - train_toco_v6_4_17.py - INFO: 
Iter: 7200; Elasped: 2:29:04; ETA: 4:25:00; LR: 4.016e-05; cls_loss: 0.3050 | ptc_loss: 0.2781 | seg_loss: 0.4907 | sim_loss: 0.3661
2023-09-27 00:22:50,728 - train_toco_v6_4_17.py - INFO: 
Iter: 7400; Elasped: 2:32:31; ETA: 4:19:41; LR: 3.959e-05; cls_loss: 0.3185 | ptc_loss: 0.2513 | seg_loss: 0.4913 | sim_loss: 0.3860
2023-09-27 00:26:18,492 - train_toco_v6_4_17.py - INFO: 
Iter: 7600; Elasped: 2:35:59; ETA: 4:14:29; LR: 3.902e-05; cls_loss: 0.3107 | ptc_loss: 0.2404 | seg_loss: 0.3966 | sim_loss: 0.3421
2023-09-27 00:29:46,047 - train_toco_v6_4_17.py - INFO: 
Iter: 7800; Elasped: 2:39:27; ETA: 4:09:23; LR: 3.846e-05; cls_loss: 0.3213 | ptc_loss: 0.2687 | seg_loss: 0.4785 | sim_loss: 0.3685
2023-09-27 00:33:15,993 - train_toco_v6_4_17.py - INFO: 
Iter: 8000; Elasped: 2:42:56; ETA: 4:04:24; LR: 3.789e-05; cls_loss: 0.3048 | ptc_loss: 0.2826 | seg_loss: 0.5195 | sim_loss: 0.3609
2023-09-27 00:33:16,715 - train_toco_v6_4_17.py - INFO: Validating...
2023-09-27 00:42:39,654 - train_toco_v6_4_17.py - INFO: val cls score of branch #1: 0.888141
2023-09-27 00:42:39,654 - train_toco_v6_4_17.py - INFO: val cls score of branch #2: 0.883756
2023-09-27 00:42:39,654 - train_toco_v6_4_17.py - INFO: 
+-----------+--------+-----------+--------+--------+-----------+--------+
|   Class   | CAM_1  | aux_CAM_1 | Seg_1  | CAM_2  | aux_CAM_2 | Seg_2  |
+===========+========+===========+========+========+===========+========+
| bg        | 89.160 | 84.553    | 87.271 | 88.880 | 85.488    | 87.838 |
+-----------+--------+-----------+--------+--------+-----------+--------+
| aeroplane | 72.631 | 75.622    | 63.418 | 74.063 | 74.053    | 71.426 |
+-----------+--------+-----------+--------+--------+-----------+--------+
| bicycle   | 39.764 | 36.188    | 35.356 | 38.730 | 34.169    | 34.566 |
+-----------+--------+-----------+--------+--------+-----------+--------+
| bird      | 67.942 | 67.725    | 57.929 | 61.529 | 48.810    | 68.661 |
+-----------+--------+-----------+--------+--------+-----------+--------+
| boat      | 51.170 | 48.978    | 44.496 | 49.974 | 53.699    | 45.322 |
+-----------+--------+-----------+--------+--------+-----------+--------+
| bottle    | 68.734 | 45.135    | 69.363 | 71.901 | 56.862    | 66.208 |
+-----------+--------+-----------+--------+--------+-----------+--------+
| bus       | 84.814 | 74.716    | 83.110 | 83.850 | 74.340    | 81.908 |
+-----------+--------+-----------+--------+--------+-----------+--------+
| car       | 80.831 | 65.042    | 78.499 | 80.571 | 66.552    | 74.658 |
+-----------+--------+-----------+--------+--------+-----------+--------+
| cat       | 84.122 | 59.074    | 80.247 | 84.745 | 74.475    | 82.905 |
+-----------+--------+-----------+--------+--------+-----------+--------+
| chair     | 34.699 | 28.585    | 21.268 | 34.090 | 30.287    | 23.359 |
+-----------+--------+-----------+--------+--------+-----------+--------+
| cow       | 85.176 | 49.788    | 69.336 | 84.293 | 39.585    | 78.246 |
+-----------+--------+-----------+--------+--------+-----------+--------+
| table     | 48.191 | 45.262    | 41.021 | 45.025 | 45.573    | 40.229 |
+-----------+--------+-----------+--------+--------+-----------+--------+
| dog       | 84.529 | 60.963    | 79.935 | 85.418 | 61.479    | 80.346 |
+-----------+--------+-----------+--------+--------+-----------+--------+
| horse     | 84.000 | 69.157    | 70.967 | 83.677 | 66.431    | 74.892 |
+-----------+--------+-----------+--------+--------+-----------+--------+
| motorbike | 78.344 | 73.169    | 73.839 | 79.441 | 72.782    | 72.985 |
+-----------+--------+-----------+--------+--------+-----------+--------+
| person    | 77.909 | 52.221    | 77.214 | 78.248 | 74.621    | 77.409 |
+-----------+--------+-----------+--------+--------+-----------+--------+
| plant     | 51.377 | 54.180    | 45.662 | 60.838 | 59.315    | 51.254 |
+-----------+--------+-----------+--------+--------+-----------+--------+
| sheep     | 86.950 | 63.526    | 69.972 | 89.810 | 74.935    | 72.527 |
+-----------+--------+-----------+--------+--------+-----------+--------+
| sofa      | 50.867 | 57.971    | 37.728 | 55.693 | 59.931    | 37.332 |
+-----------+--------+-----------+--------+--------+-----------+--------+
| train     | 57.402 | 42.899    | 53.498 | 56.990 | 48.801    | 52.640 |
+-----------+--------+-----------+--------+--------+-----------+--------+
| tvmonitor | 51.126 | 54.509    | 41.773 | 46.527 | 50.477    | 40.234 |
+-----------+--------+-----------+--------+--------+-----------+--------+
| mIoU      | 68.083 | 57.584    | 61.043 | 68.300 | 59.651    | 62.616 |
+-----------+--------+-----------+--------+--------+-----------+--------+
2023-09-27 00:47:13,412 - train_toco_v6_4_17.py - INFO: 
Iter: 8200; Elasped: 2:56:54; ETA: 4:14:33; LR: 3.732e-05; cls_loss: 0.2516 | ptc_loss: 0.2916 | seg_loss: 0.3175 | sim_loss: 0.3621
2023-09-27 00:51:48,312 - train_toco_v6_4_17.py - INFO: 
Iter: 8400; Elasped: 3:01:29; ETA: 4:10:37; LR: 3.675e-05; cls_loss: 0.2718 | ptc_loss: 0.2522 | seg_loss: 0.3780 | sim_loss: 0.3486
2023-09-27 00:56:23,700 - train_toco_v6_4_17.py - INFO: 
Iter: 8600; Elasped: 3:06:04; ETA: 4:06:38; LR: 3.618e-05; cls_loss: 0.2877 | ptc_loss: 0.2606 | seg_loss: 0.3656 | sim_loss: 0.3363
2023-09-27 01:00:59,098 - train_toco_v6_4_17.py - INFO: 
Iter: 8800; Elasped: 3:10:40; ETA: 4:02:40; LR: 3.561e-05; cls_loss: 0.2904 | ptc_loss: 0.2863 | seg_loss: 0.3878 | sim_loss: 0.3462
2023-09-27 01:05:34,174 - train_toco_v6_4_17.py - INFO: 
Iter: 9000; Elasped: 3:15:15; ETA: 3:58:38; LR: 3.504e-05; cls_loss: 0.2742 | ptc_loss: 0.2444 | seg_loss: 0.3300 | sim_loss: 0.3152
2023-09-27 01:10:08,741 - train_toco_v6_4_17.py - INFO: 
Iter: 9200; Elasped: 3:19:49; ETA: 3:54:34; LR: 3.446e-05; cls_loss: 0.3032 | ptc_loss: 0.2628 | seg_loss: 0.3951 | sim_loss: 0.3279
2023-09-27 01:14:43,680 - train_toco_v6_4_17.py - INFO: 
Iter: 9400; Elasped: 3:24:24; ETA: 3:50:29; LR: 3.389e-05; cls_loss: 0.2536 | ptc_loss: 0.2517 | seg_loss: 0.3957 | sim_loss: 0.3123
2023-09-27 01:19:18,883 - train_toco_v6_4_17.py - INFO: 
Iter: 9600; Elasped: 3:28:59; ETA: 3:46:23; LR: 3.331e-05; cls_loss: 0.2929 | ptc_loss: 0.2502 | seg_loss: 0.3873 | sim_loss: 0.3036
2023-09-27 01:23:54,430 - train_toco_v6_4_17.py - INFO: 
Iter: 9800; Elasped: 3:33:35; ETA: 3:42:18; LR: 3.273e-05; cls_loss: 0.2820 | ptc_loss: 0.2461 | seg_loss: 0.4217 | sim_loss: 0.3232
2023-09-27 01:28:28,704 - train_toco_v6_4_17.py - INFO: 
Iter: 10000; Elasped: 3:38:09; ETA: 3:38:09; LR: 3.216e-05; cls_loss: 0.2693 | ptc_loss: 0.2648 | seg_loss: 0.2938 | sim_loss: 0.2937
2023-09-27 01:28:29,436 - train_toco_v6_4_17.py - INFO: Validating...
2023-09-27 01:37:53,370 - train_toco_v6_4_17.py - INFO: val cls score of branch #1: 0.896936
2023-09-27 01:37:53,371 - train_toco_v6_4_17.py - INFO: val cls score of branch #2: 0.884556
2023-09-27 01:37:53,371 - train_toco_v6_4_17.py - INFO: 
+-----------+--------+-----------+--------+--------+-----------+--------+
|   Class   | CAM_1  | aux_CAM_1 | Seg_1  | CAM_2  | aux_CAM_2 | Seg_2  |
+===========+========+===========+========+========+===========+========+
| bg        | 90.488 | 86.044    | 89.225 | 90.102 | 86.927    | 88.138 |
+-----------+--------+-----------+--------+--------+-----------+--------+
| aeroplane | 75.701 | 75.195    | 72.373 | 77.423 | 70.371    | 75.018 |
+-----------+--------+-----------+--------+--------+-----------+--------+
| bicycle   | 42.407 | 38.866    | 36.141 | 40.654 | 36.828    | 38.953 |
+-----------+--------+-----------+--------+--------+-----------+--------+
| bird      | 73.508 | 60.502    | 66.512 | 64.914 | 49.515    | 67.048 |
+-----------+--------+-----------+--------+--------+-----------+--------+
| boat      | 60.934 | 53.343    | 53.778 | 53.708 | 61.568    | 47.818 |
+-----------+--------+-----------+--------+--------+-----------+--------+
| bottle    | 70.742 | 46.689    | 70.449 | 73.333 | 55.253    | 70.888 |
+-----------+--------+-----------+--------+--------+-----------+--------+
| bus       | 85.562 | 72.321    | 84.039 | 87.239 | 77.282    | 81.998 |
+-----------+--------+-----------+--------+--------+-----------+--------+
| car       | 79.833 | 67.843    | 76.711 | 81.783 | 67.070    | 67.846 |
+-----------+--------+-----------+--------+--------+-----------+--------+
| cat       | 85.203 | 58.495    | 85.709 | 87.082 | 66.904    | 84.011 |
+-----------+--------+-----------+--------+--------+-----------+--------+
| chair     | 38.107 | 31.981    | 21.132 | 40.126 | 35.974    | 23.632 |
+-----------+--------+-----------+--------+--------+-----------+--------+
| cow       | 84.018 | 63.588    | 74.528 | 86.208 | 64.614    | 62.991 |
+-----------+--------+-----------+--------+--------+-----------+--------+
| table     | 40.887 | 47.594    | 43.186 | 40.400 | 44.656    | 35.488 |
+-----------+--------+-----------+--------+--------+-----------+--------+
| dog       | 85.078 | 71.834    | 81.935 | 86.158 | 65.827    | 80.024 |
+-----------+--------+-----------+--------+--------+-----------+--------+
| horse     | 84.755 | 53.043    | 75.501 | 84.081 | 61.925    | 54.787 |
+-----------+--------+-----------+--------+--------+-----------+--------+
| motorbike | 77.660 | 67.403    | 77.648 | 80.131 | 69.827    | 74.633 |
+-----------+--------+-----------+--------+--------+-----------+--------+
| person    | 75.884 | 59.767    | 75.598 | 77.230 | 77.396    | 78.794 |
+-----------+--------+-----------+--------+--------+-----------+--------+
| plant     | 58.117 | 52.946    | 48.174 | 62.597 | 57.540    | 50.880 |
+-----------+--------+-----------+--------+--------+-----------+--------+
| sheep     | 89.029 | 62.883    | 80.181 | 89.562 | 75.859    | 82.510 |
+-----------+--------+-----------+--------+--------+-----------+--------+
| sofa      | 59.674 | 65.947    | 41.192 | 62.750 | 66.757    | 31.429 |
+-----------+--------+-----------+--------+--------+-----------+--------+
| train     | 62.936 | 54.509    | 59.579 | 62.005 | 55.297    | 57.488 |
+-----------+--------+-----------+--------+--------+-----------+--------+
| tvmonitor | 53.238 | 57.662    | 46.266 | 50.273 | 51.844    | 45.917 |
+-----------+--------+-----------+--------+--------+-----------+--------+
| mIoU      | 70.179 | 59.450    | 64.755 | 70.370 | 61.868    | 61.919 |
+-----------+--------+-----------+--------+--------+-----------+--------+
2023-09-27 01:42:29,417 - train_toco_v6_4_17.py - INFO: 
Iter: 10200; Elasped: 3:52:10; ETA: 3:43:03; LR: 3.158e-05; cls_loss: 0.2808 | ptc_loss: 0.2732 | seg_loss: 0.3289 | sim_loss: 0.2774
2023-09-27 01:47:04,230 - train_toco_v6_4_17.py - INFO: 
Iter: 10400; Elasped: 3:56:45; ETA: 3:38:32; LR: 3.100e-05; cls_loss: 0.2640 | ptc_loss: 0.2841 | seg_loss: 0.3185 | sim_loss: 0.2834
2023-09-27 01:51:39,721 - train_toco_v6_4_17.py - INFO: 
Iter: 10600; Elasped: 4:01:20; ETA: 3:34:00; LR: 3.041e-05; cls_loss: 0.2598 | ptc_loss: 0.2371 | seg_loss: 0.3186 | sim_loss: 0.2917
2023-09-27 01:56:14,396 - train_toco_v6_4_17.py - INFO: 
Iter: 10800; Elasped: 4:05:55; ETA: 3:29:29; LR: 2.983e-05; cls_loss: 0.2752 | ptc_loss: 0.2452 | seg_loss: 0.3525 | sim_loss: 0.2954
2023-09-27 02:00:49,171 - train_toco_v6_4_17.py - INFO: 
Iter: 11000; Elasped: 4:10:30; ETA: 3:24:57; LR: 2.925e-05; cls_loss: 0.2168 | ptc_loss: 0.2622 | seg_loss: 0.2478 | sim_loss: 0.2846
2023-09-27 02:05:24,983 - train_toco_v6_4_17.py - INFO: 
Iter: 11200; Elasped: 4:15:05; ETA: 3:20:25; LR: 2.866e-05; cls_loss: 0.2100 | ptc_loss: 0.2519 | seg_loss: 0.2657 | sim_loss: 0.2594
2023-09-27 02:10:01,649 - train_toco_v6_4_17.py - INFO: 
Iter: 11400; Elasped: 4:19:42; ETA: 3:15:54; LR: 2.807e-05; cls_loss: 0.2337 | ptc_loss: 0.2228 | seg_loss: 0.2799 | sim_loss: 0.2746
2023-09-27 02:14:37,527 - train_toco_v6_4_17.py - INFO: 
Iter: 11600; Elasped: 4:24:18; ETA: 3:11:23; LR: 2.749e-05; cls_loss: 0.2518 | ptc_loss: 0.2785 | seg_loss: 0.3051 | sim_loss: 0.2747
2023-09-27 02:19:12,053 - train_toco_v6_4_17.py - INFO: 
Iter: 11800; Elasped: 4:28:53; ETA: 3:06:51; LR: 2.690e-05; cls_loss: 0.2698 | ptc_loss: 0.2564 | seg_loss: 0.3369 | sim_loss: 0.2788
2023-09-27 02:23:47,210 - train_toco_v6_4_17.py - INFO: 
Iter: 12000; Elasped: 4:33:28; ETA: 3:02:18; LR: 2.631e-05; cls_loss: 0.2323 | ptc_loss: 0.2511 | seg_loss: 0.3098 | sim_loss: 0.2642
2023-09-27 02:23:48,183 - train_toco_v6_4_17.py - INFO: Validating...
2023-09-27 02:33:12,773 - train_toco_v6_4_17.py - INFO: val cls score of branch #1: 0.900766
2023-09-27 02:33:12,774 - train_toco_v6_4_17.py - INFO: val cls score of branch #2: 0.899807
2023-09-27 02:33:12,774 - train_toco_v6_4_17.py - INFO: 
+-----------+--------+-----------+--------+--------+-----------+--------+
|   Class   | CAM_1  | aux_CAM_1 | Seg_1  | CAM_2  | aux_CAM_2 | Seg_2  |
+===========+========+===========+========+========+===========+========+
| bg        | 90.780 | 85.609    | 89.377 | 90.397 | 86.251    | 89.804 |
+-----------+--------+-----------+--------+--------+-----------+--------+
| aeroplane | 78.053 | 75.756    | 76.253 | 75.660 | 72.846    | 73.889 |
+-----------+--------+-----------+--------+--------+-----------+--------+
| bicycle   | 42.410 | 35.699    | 38.668 | 40.564 | 36.976    | 38.347 |
+-----------+--------+-----------+--------+--------+-----------+--------+
| bird      | 72.600 | 66.889    | 68.242 | 61.324 | 46.778    | 63.963 |
+-----------+--------+-----------+--------+--------+-----------+--------+
| boat      | 69.825 | 57.834    | 62.412 | 63.537 | 62.453    | 61.498 |
+-----------+--------+-----------+--------+--------+-----------+--------+
| bottle    | 61.671 | 43.558    | 59.548 | 69.442 | 53.630    | 66.627 |
+-----------+--------+-----------+--------+--------+-----------+--------+
| bus       | 86.452 | 69.275    | 80.166 | 85.300 | 77.121    | 82.819 |
+-----------+--------+-----------+--------+--------+-----------+--------+
| car       | 82.710 | 70.089    | 79.866 | 82.650 | 66.627    | 79.885 |
+-----------+--------+-----------+--------+--------+-----------+--------+
| cat       | 85.964 | 65.126    | 83.574 | 88.053 | 71.131    | 82.904 |
+-----------+--------+-----------+--------+--------+-----------+--------+
| chair     | 40.031 | 37.121    | 13.744 | 41.053 | 33.877    | 20.095 |
+-----------+--------+-----------+--------+--------+-----------+--------+
| cow       | 83.103 | 38.820    | 81.513 | 85.881 | 46.053    | 77.449 |
+-----------+--------+-----------+--------+--------+-----------+--------+
| table     | 53.911 | 55.332    | 42.097 | 52.928 | 50.025    | 42.638 |
+-----------+--------+-----------+--------+--------+-----------+--------+
| dog       | 84.047 | 67.403    | 78.309 | 86.360 | 62.285    | 81.587 |
+-----------+--------+-----------+--------+--------+-----------+--------+
| horse     | 84.701 | 70.371    | 74.811 | 84.422 | 75.457    | 76.417 |
+-----------+--------+-----------+--------+--------+-----------+--------+
| motorbike | 80.459 | 69.633    | 78.697 | 81.200 | 65.107    | 77.173 |
+-----------+--------+-----------+--------+--------+-----------+--------+
| person    | 79.271 | 59.699    | 78.760 | 79.297 | 74.597    | 80.306 |
+-----------+--------+-----------+--------+--------+-----------+--------+
| plant     | 54.747 | 52.210    | 50.978 | 64.769 | 58.943    | 52.529 |
+-----------+--------+-----------+--------+--------+-----------+--------+
| sheep     | 88.331 | 58.112    | 84.747 | 87.272 | 67.338    | 86.682 |
+-----------+--------+-----------+--------+--------+-----------+--------+
| sofa      | 60.882 | 62.185    | 47.514 | 66.764 | 65.327    | 44.527 |
+-----------+--------+-----------+--------+--------+-----------+--------+
| train     | 60.950 | 48.482    | 58.717 | 61.239 | 55.328    | 58.843 |
+-----------+--------+-----------+--------+--------+-----------+--------+
| tvmonitor | 49.757 | 58.652    | 36.875 | 50.125 | 56.035    | 42.305 |
+-----------+--------+-----------+--------+--------+-----------+--------+
| mIoU      | 70.984 | 59.422    | 64.994 | 71.345 | 61.152    | 65.728 |
+-----------+--------+-----------+--------+--------+-----------+--------+
2023-09-27 02:37:47,912 - train_toco_v6_4_17.py - INFO: 
Iter: 12200; Elasped: 4:47:28; ETA: 3:03:47; LR: 2.571e-05; cls_loss: 0.2552 | ptc_loss: 0.2399 | seg_loss: 0.2948 | sim_loss: 0.2575
2023-09-27 02:42:23,442 - train_toco_v6_4_17.py - INFO: 
Iter: 12400; Elasped: 4:52:04; ETA: 2:59:00; LR: 2.512e-05; cls_loss: 0.2144 | ptc_loss: 0.2707 | seg_loss: 0.2879 | sim_loss: 0.2878
2023-09-27 02:46:58,985 - train_toco_v6_4_17.py - INFO: 
Iter: 12600; Elasped: 4:56:39; ETA: 2:54:13; LR: 2.452e-05; cls_loss: 0.2256 | ptc_loss: 0.2357 | seg_loss: 0.2601 | sim_loss: 0.2614
2023-09-27 02:51:32,770 - train_toco_v6_4_17.py - INFO: 
Iter: 12800; Elasped: 5:01:13; ETA: 2:49:26; LR: 2.393e-05; cls_loss: 0.2028 | ptc_loss: 0.2719 | seg_loss: 0.2888 | sim_loss: 0.2538
2023-09-27 02:56:08,659 - train_toco_v6_4_17.py - INFO: 
Iter: 13000; Elasped: 5:05:49; ETA: 2:44:40; LR: 2.333e-05; cls_loss: 0.2424 | ptc_loss: 0.2583 | seg_loss: 0.3125 | sim_loss: 0.2559
2023-09-27 03:00:44,173 - train_toco_v6_4_17.py - INFO: 
Iter: 13200; Elasped: 5:10:25; ETA: 2:39:54; LR: 2.273e-05; cls_loss: 0.2154 | ptc_loss: 0.3094 | seg_loss: 0.2678 | sim_loss: 0.2587
2023-09-27 03:05:21,762 - train_toco_v6_4_17.py - INFO: 
Iter: 13400; Elasped: 5:15:02; ETA: 2:35:09; LR: 2.212e-05; cls_loss: 0.2056 | ptc_loss: 0.2441 | seg_loss: 0.2449 | sim_loss: 0.2540
2023-09-27 03:09:58,619 - train_toco_v6_4_17.py - INFO: 
Iter: 13600; Elasped: 5:19:39; ETA: 2:30:25; LR: 2.152e-05; cls_loss: 0.1980 | ptc_loss: 0.2088 | seg_loss: 0.2647 | sim_loss: 0.2351
2023-09-27 03:14:34,682 - train_toco_v6_4_17.py - INFO: 
Iter: 13800; Elasped: 5:24:15; ETA: 2:25:40; LR: 2.091e-05; cls_loss: 0.2228 | ptc_loss: 0.2641 | seg_loss: 0.2418 | sim_loss: 0.2643
2023-09-27 03:19:09,266 - train_toco_v6_4_17.py - INFO: 
Iter: 14000; Elasped: 5:28:50; ETA: 2:20:55; LR: 2.031e-05; cls_loss: 0.1869 | ptc_loss: 0.2725 | seg_loss: 0.2395 | sim_loss: 0.2250
2023-09-27 03:19:10,053 - train_toco_v6_4_17.py - INFO: Validating...
2023-09-27 03:28:34,358 - train_toco_v6_4_17.py - INFO: val cls score of branch #1: 0.907110
2023-09-27 03:28:34,358 - train_toco_v6_4_17.py - INFO: val cls score of branch #2: 0.912480
2023-09-27 03:28:34,359 - train_toco_v6_4_17.py - INFO: 
+-----------+--------+-----------+--------+--------+-----------+--------+
|   Class   | CAM_1  | aux_CAM_1 | Seg_1  | CAM_2  | aux_CAM_2 | Seg_2  |
+===========+========+===========+========+========+===========+========+
| bg        | 90.911 | 85.619    | 89.958 | 90.745 | 86.737    | 90.108 |
+-----------+--------+-----------+--------+--------+-----------+--------+
| aeroplane | 78.896 | 76.912    | 75.231 | 79.973 | 75.272    | 78.426 |
+-----------+--------+-----------+--------+--------+-----------+--------+
| bicycle   | 41.429 | 37.227    | 39.026 | 39.636 | 37.789    | 37.353 |
+-----------+--------+-----------+--------+--------+-----------+--------+
| bird      | 73.536 | 68.800    | 64.062 | 69.644 | 54.773    | 72.570 |
+-----------+--------+-----------+--------+--------+-----------+--------+
| boat      | 66.727 | 53.005    | 61.071 | 64.602 | 59.214    | 60.056 |
+-----------+--------+-----------+--------+--------+-----------+--------+
| bottle    | 72.845 | 50.253    | 69.953 | 75.399 | 58.706    | 71.890 |
+-----------+--------+-----------+--------+--------+-----------+--------+
| bus       | 86.731 | 74.250    | 86.038 | 87.149 | 75.595    | 85.626 |
+-----------+--------+-----------+--------+--------+-----------+--------+
| car       | 81.907 | 69.767    | 76.510 | 83.031 | 69.086    | 77.329 |
+-----------+--------+-----------+--------+--------+-----------+--------+
| cat       | 84.890 | 59.593    | 85.500 | 87.171 | 72.166    | 85.440 |
+-----------+--------+-----------+--------+--------+-----------+--------+
| chair     | 41.005 | 35.998    | 21.332 | 40.300 | 34.773    | 16.241 |
+-----------+--------+-----------+--------+--------+-----------+--------+
| cow       | 85.901 | 51.152    | 81.853 | 85.941 | 46.679    | 78.216 |
+-----------+--------+-----------+--------+--------+-----------+--------+
| table     | 50.936 | 51.956    | 45.516 | 47.493 | 47.661    | 41.011 |
+-----------+--------+-----------+--------+--------+-----------+--------+
| dog       | 86.802 | 73.418    | 83.242 | 87.769 | 68.329    | 83.559 |
+-----------+--------+-----------+--------+--------+-----------+--------+
| horse     | 84.014 | 61.353    | 79.782 | 85.108 | 64.494    | 80.802 |
+-----------+--------+-----------+--------+--------+-----------+--------+
| motorbike | 80.622 | 71.263    | 76.332 | 80.919 | 72.119    | 76.810 |
+-----------+--------+-----------+--------+--------+-----------+--------+
| person    | 80.109 | 59.049    | 78.765 | 77.377 | 75.032    | 79.576 |
+-----------+--------+-----------+--------+--------+-----------+--------+
| plant     | 58.280 | 53.822    | 52.656 | 64.077 | 61.971    | 56.357 |
+-----------+--------+-----------+--------+--------+-----------+--------+
| sheep     | 86.745 | 52.381    | 83.666 | 89.141 | 73.064    | 74.543 |
+-----------+--------+-----------+--------+--------+-----------+--------+
| sofa      | 61.411 | 61.186    | 42.994 | 59.928 | 63.758    | 42.261 |
+-----------+--------+-----------+--------+--------+-----------+--------+
| train     | 59.708 | 44.628    | 58.880 | 60.906 | 51.077    | 58.503 |
+-----------+--------+-----------+--------+--------+-----------+--------+
| tvmonitor | 53.169 | 53.934    | 48.514 | 55.102 | 51.421    | 49.554 |
+-----------+--------+-----------+--------+--------+-----------+--------+
| mIoU      | 71.742 | 59.313    | 66.709 | 71.972 | 61.891    | 66.487 |
+-----------+--------+-----------+--------+--------+-----------+--------+
2023-09-27 03:33:10,909 - train_toco_v6_4_17.py - INFO: 
Iter: 14200; Elasped: 5:42:51; ETA: 2:20:02; LR: 1.970e-05; cls_loss: 0.2018 | ptc_loss: 0.2559 | seg_loss: 0.2503 | sim_loss: 0.2356
2023-09-27 03:37:46,211 - train_toco_v6_4_17.py - INFO: 
Iter: 14400; Elasped: 5:47:27; ETA: 2:15:07; LR: 1.908e-05; cls_loss: 0.2054 | ptc_loss: 0.2361 | seg_loss: 0.2200 | sim_loss: 0.2259
2023-09-27 03:42:21,563 - train_toco_v6_4_17.py - INFO: 
Iter: 14600; Elasped: 5:52:02; ETA: 2:10:12; LR: 1.847e-05; cls_loss: 0.2007 | ptc_loss: 0.2446 | seg_loss: 0.2306 | sim_loss: 0.2266
2023-09-27 03:46:57,422 - train_toco_v6_4_17.py - INFO: 
Iter: 14800; Elasped: 5:56:38; ETA: 2:05:18; LR: 1.785e-05; cls_loss: 0.1965 | ptc_loss: 0.3084 | seg_loss: 0.2804 | sim_loss: 0.2278
2023-09-27 03:51:33,072 - train_toco_v6_4_17.py - INFO: 
Iter: 15000; Elasped: 6:01:14; ETA: 2:00:24; LR: 1.723e-05; cls_loss: 0.1835 | ptc_loss: 0.2301 | seg_loss: 0.2546 | sim_loss: 0.2186
2023-09-27 03:56:09,575 - train_toco_v6_4_17.py - INFO: 
Iter: 15200; Elasped: 6:05:50; ETA: 1:55:31; LR: 1.661e-05; cls_loss: 0.1837 | ptc_loss: 0.2640 | seg_loss: 0.2061 | sim_loss: 0.2276
2023-09-27 04:00:45,900 - train_toco_v6_4_17.py - INFO: 
Iter: 15400; Elasped: 6:10:26; ETA: 1:50:38; LR: 1.599e-05; cls_loss: 0.2177 | ptc_loss: 0.2342 | seg_loss: 0.2477 | sim_loss: 0.2431
2023-09-27 04:05:21,911 - train_toco_v6_4_17.py - INFO: 
Iter: 15600; Elasped: 6:15:02; ETA: 1:45:46; LR: 1.536e-05; cls_loss: 0.1830 | ptc_loss: 0.2577 | seg_loss: 0.2139 | sim_loss: 0.2219
2023-09-27 04:09:56,923 - train_toco_v6_4_17.py - INFO: 
Iter: 15800; Elasped: 6:19:37; ETA: 1:40:54; LR: 1.473e-05; cls_loss: 0.1884 | ptc_loss: 0.2358 | seg_loss: 0.2093 | sim_loss: 0.2183
2023-09-27 04:14:35,248 - train_toco_v6_4_17.py - INFO: 
Iter: 16000; Elasped: 6:24:16; ETA: 1:36:04; LR: 1.410e-05; cls_loss: 0.1966 | ptc_loss: 0.2328 | seg_loss: 0.1994 | sim_loss: 0.2031
2023-09-27 04:14:35,907 - train_toco_v6_4_17.py - INFO: Validating...
2023-09-27 04:24:00,190 - train_toco_v6_4_17.py - INFO: val cls score of branch #1: 0.911463
2023-09-27 04:24:00,191 - train_toco_v6_4_17.py - INFO: val cls score of branch #2: 0.913310
2023-09-27 04:24:00,191 - train_toco_v6_4_17.py - INFO: 
+-----------+--------+-----------+--------+--------+-----------+--------+
|   Class   | CAM_1  | aux_CAM_1 | Seg_1  | CAM_2  | aux_CAM_2 | Seg_2  |
+===========+========+===========+========+========+===========+========+
| bg        | 91.063 | 86.120    | 90.060 | 90.984 | 86.916    | 90.424 |
+-----------+--------+-----------+--------+--------+-----------+--------+
| aeroplane | 80.987 | 77.726    | 77.016 | 77.773 | 72.354    | 77.876 |
+-----------+--------+-----------+--------+--------+-----------+--------+
| bicycle   | 41.797 | 38.397    | 39.119 | 40.726 | 36.527    | 39.067 |
+-----------+--------+-----------+--------+--------+-----------+--------+
| bird      | 74.627 | 65.476    | 67.860 | 67.369 | 56.429    | 70.757 |
+-----------+--------+-----------+--------+--------+-----------+--------+
| boat      | 68.742 | 52.616    | 58.594 | 66.046 | 58.562    | 60.585 |
+-----------+--------+-----------+--------+--------+-----------+--------+
| bottle    | 70.854 | 47.774    | 70.260 | 74.452 | 55.381    | 72.931 |
+-----------+--------+-----------+--------+--------+-----------+--------+
| bus       | 87.118 | 72.733    | 86.655 | 86.847 | 72.628    | 84.292 |
+-----------+--------+-----------+--------+--------+-----------+--------+
| car       | 82.450 | 69.542    | 78.973 | 83.513 | 67.916    | 80.343 |
+-----------+--------+-----------+--------+--------+-----------+--------+
| cat       | 86.551 | 65.745    | 86.498 | 89.456 | 74.916    | 86.697 |
+-----------+--------+-----------+--------+--------+-----------+--------+
| chair     | 42.258 | 37.417    | 26.554 | 42.852 | 38.616    | 21.441 |
+-----------+--------+-----------+--------+--------+-----------+--------+
| cow       | 84.061 | 54.816    | 82.560 | 87.701 | 63.998    | 83.179 |
+-----------+--------+-----------+--------+--------+-----------+--------+
| table     | 45.391 | 53.586    | 43.929 | 47.973 | 47.391    | 41.001 |
+-----------+--------+-----------+--------+--------+-----------+--------+
| dog       | 86.457 | 72.194    | 83.143 | 88.724 | 69.665    | 83.684 |
+-----------+--------+-----------+--------+--------+-----------+--------+
| horse     | 84.780 | 62.353    | 79.987 | 84.676 | 66.494    | 79.005 |
+-----------+--------+-----------+--------+--------+-----------+--------+
| motorbike | 78.310 | 67.136    | 78.357 | 79.496 | 67.932    | 77.225 |
+-----------+--------+-----------+--------+--------+-----------+--------+
| person    | 76.598 | 56.492    | 78.186 | 76.786 | 73.355    | 79.409 |
+-----------+--------+-----------+--------+--------+-----------+--------+
| plant     | 59.299 | 53.648    | 52.898 | 64.297 | 63.548    | 59.566 |
+-----------+--------+-----------+--------+--------+-----------+--------+
| sheep     | 87.498 | 55.573    | 81.578 | 88.866 | 67.740    | 84.635 |
+-----------+--------+-----------+--------+--------+-----------+--------+
| sofa      | 61.724 | 63.594    | 45.119 | 63.715 | 65.053    | 47.242 |
+-----------+--------+-----------+--------+--------+-----------+--------+
| train     | 61.513 | 49.787    | 60.943 | 61.424 | 49.310    | 60.678 |
+-----------+--------+-----------+--------+--------+-----------+--------+
| tvmonitor | 56.886 | 58.085    | 50.512 | 57.741 | 55.905    | 52.075 |
+-----------+--------+-----------+--------+--------+-----------+--------+
| mIoU      | 71.855 | 60.039    | 67.562 | 72.448 | 62.411    | 68.196 |
+-----------+--------+-----------+--------+--------+-----------+--------+
2023-09-27 04:28:35,613 - train_toco_v6_4_17.py - INFO: 
Iter: 16200; Elasped: 6:38:16; ETA: 1:33:25; LR: 1.346e-05; cls_loss: 0.1739 | ptc_loss: 0.2326 | seg_loss: 0.2068 | sim_loss: 0.2108
2023-09-27 04:33:10,994 - train_toco_v6_4_17.py - INFO: 
Iter: 16400; Elasped: 6:42:51; ETA: 1:28:25; LR: 1.282e-05; cls_loss: 0.1708 | ptc_loss: 0.2423 | seg_loss: 0.2246 | sim_loss: 0.2178
2023-09-27 04:37:45,177 - train_toco_v6_4_17.py - INFO: 
Iter: 16600; Elasped: 6:47:26; ETA: 1:23:27; LR: 1.218e-05; cls_loss: 0.1744 | ptc_loss: 0.2148 | seg_loss: 0.2142 | sim_loss: 0.2178
2023-09-27 04:42:19,675 - train_toco_v6_4_17.py - INFO: 
Iter: 16800; Elasped: 6:52:00; ETA: 1:18:28; LR: 1.153e-05; cls_loss: 0.1695 | ptc_loss: 0.2310 | seg_loss: 0.1931 | sim_loss: 0.2110
2023-09-27 04:46:55,816 - train_toco_v6_4_17.py - INFO: 
Iter: 17000; Elasped: 6:56:36; ETA: 1:13:31; LR: 1.088e-05; cls_loss: 0.1859 | ptc_loss: 0.2607 | seg_loss: 0.2187 | sim_loss: 0.2263
2023-09-27 04:51:31,339 - train_toco_v6_4_17.py - INFO: 
Iter: 17200; Elasped: 7:01:12; ETA: 1:08:34; LR: 1.023e-05; cls_loss: 0.1717 | ptc_loss: 0.2686 | seg_loss: 0.2026 | sim_loss: 0.2144
2023-09-27 04:56:06,923 - train_toco_v6_4_17.py - INFO: 
Iter: 17400; Elasped: 7:05:47; ETA: 1:03:37; LR: 9.569e-06; cls_loss: 0.1585 | ptc_loss: 0.2818 | seg_loss: 0.1833 | sim_loss: 0.2041
2023-09-27 05:00:43,786 - train_toco_v6_4_17.py - INFO: 
Iter: 17600; Elasped: 7:10:24; ETA: 0:58:41; LR: 8.904e-06; cls_loss: 0.1513 | ptc_loss: 0.2462 | seg_loss: 0.2003 | sim_loss: 0.2142
2023-09-27 05:05:19,770 - train_toco_v6_4_17.py - INFO: 
Iter: 17800; Elasped: 7:15:00; ETA: 0:53:45; LR: 8.233e-06; cls_loss: 0.1740 | ptc_loss: 0.2394 | seg_loss: 0.2461 | sim_loss: 0.2167
2023-09-27 05:09:55,515 - train_toco_v6_4_17.py - INFO: 
Iter: 18000; Elasped: 7:19:36; ETA: 0:48:50; LR: 7.557e-06; cls_loss: 0.1671 | ptc_loss: 0.2653 | seg_loss: 0.2086 | sim_loss: 0.2119
2023-09-27 05:09:56,315 - train_toco_v6_4_17.py - INFO: Validating...
2023-09-27 05:19:21,240 - train_toco_v6_4_17.py - INFO: val cls score of branch #1: 0.915378
2023-09-27 05:19:21,240 - train_toco_v6_4_17.py - INFO: val cls score of branch #2: 0.916552
2023-09-27 05:19:21,241 - train_toco_v6_4_17.py - INFO: 
+-----------+--------+-----------+--------+--------+-----------+--------+
|   Class   | CAM_1  | aux_CAM_1 | Seg_1  | CAM_2  | aux_CAM_2 | Seg_2  |
+===========+========+===========+========+========+===========+========+
| bg        | 91.408 | 86.146    | 90.339 | 91.379 | 86.999    | 90.782 |
+-----------+--------+-----------+--------+--------+-----------+--------+
| aeroplane | 80.280 | 76.618    | 79.798 | 79.945 | 73.358    | 80.166 |
+-----------+--------+-----------+--------+--------+-----------+--------+
| bicycle   | 42.037 | 35.014    | 39.600 | 41.654 | 36.215    | 39.476 |
+-----------+--------+-----------+--------+--------+-----------+--------+
| bird      | 73.642 | 64.805    | 64.007 | 67.404 | 51.462    | 70.611 |
+-----------+--------+-----------+--------+--------+-----------+--------+
| boat      | 70.150 | 48.420    | 65.482 | 70.578 | 59.682    | 65.817 |
+-----------+--------+-----------+--------+--------+-----------+--------+
| bottle    | 74.806 | 52.780    | 72.953 | 75.663 | 59.932    | 72.837 |
+-----------+--------+-----------+--------+--------+-----------+--------+
| bus       | 86.753 | 72.178    | 86.111 | 88.230 | 73.709    | 86.417 |
+-----------+--------+-----------+--------+--------+-----------+--------+
| car       | 83.488 | 68.443    | 80.781 | 83.304 | 67.714    | 81.358 |
+-----------+--------+-----------+--------+--------+-----------+--------+
| cat       | 87.773 | 62.459    | 89.092 | 90.182 | 71.919    | 87.830 |
+-----------+--------+-----------+--------+--------+-----------+--------+
| chair     | 44.257 | 37.802    | 26.576 | 43.445 | 39.687    | 23.238 |
+-----------+--------+-----------+--------+--------+-----------+--------+
| cow       | 85.398 | 49.980    | 78.670 | 87.272 | 54.003    | 85.291 |
+-----------+--------+-----------+--------+--------+-----------+--------+
| table     | 50.830 | 55.100    | 48.914 | 53.578 | 50.897    | 47.395 |
+-----------+--------+-----------+--------+--------+-----------+--------+
| dog       | 88.713 | 74.577    | 82.387 | 88.790 | 74.989    | 82.328 |
+-----------+--------+-----------+--------+--------+-----------+--------+
| horse     | 84.625 | 67.214    | 75.598 | 85.559 | 70.726    | 79.106 |
+-----------+--------+-----------+--------+--------+-----------+--------+
| motorbike | 80.125 | 69.833    | 78.992 | 81.366 | 67.499    | 78.550 |
+-----------+--------+-----------+--------+--------+-----------+--------+
| person    | 80.122 | 59.973    | 79.530 | 79.969 | 76.051    | 80.249 |
+-----------+--------+-----------+--------+--------+-----------+--------+
| plant     | 59.791 | 56.554    | 53.410 | 65.030 | 64.155    | 58.352 |
+-----------+--------+-----------+--------+--------+-----------+--------+
| sheep     | 87.696 | 59.361    | 81.186 | 88.051 | 63.429    | 86.390 |
+-----------+--------+-----------+--------+--------+-----------+--------+
| sofa      | 64.356 | 64.223    | 46.683 | 64.550 | 66.673    | 48.035 |
+-----------+--------+-----------+--------+--------+-----------+--------+
| train     | 59.962 | 48.187    | 59.009 | 62.492 | 52.818    | 60.792 |
+-----------+--------+-----------+--------+--------+-----------+--------+
| tvmonitor | 56.213 | 57.792    | 51.376 | 54.252 | 51.010    | 50.595 |
+-----------+--------+-----------+--------+--------+-----------+--------+
| mIoU      | 72.973 | 60.355    | 68.119 | 73.462 | 62.520    | 69.315 |
+-----------+--------+-----------+--------+--------+-----------+--------+
2023-09-27 05:23:57,378 - train_toco_v6_4_17.py - INFO: 
Iter: 18200; Elasped: 7:33:38; ETA: 0:44:51; LR: 6.874e-06; cls_loss: 0.1506 | ptc_loss: 0.2592 | seg_loss: 0.1930 | sim_loss: 0.1935
2023-09-27 05:28:32,967 - train_toco_v6_4_17.py - INFO: 
Iter: 18400; Elasped: 7:38:13; ETA: 0:39:50; LR: 6.183e-06; cls_loss: 0.1765 | ptc_loss: 0.2110 | seg_loss: 0.1956 | sim_loss: 0.2107
2023-09-27 05:33:11,526 - train_toco_v6_4_17.py - INFO: 
Iter: 18600; Elasped: 7:42:52; ETA: 0:34:50; LR: 5.483e-06; cls_loss: 0.1555 | ptc_loss: 0.2846 | seg_loss: 0.1799 | sim_loss: 0.1944
2023-09-27 05:37:47,507 - train_toco_v6_4_17.py - INFO: 
Iter: 18800; Elasped: 7:47:28; ETA: 0:29:50; LR: 4.773e-06; cls_loss: 0.1887 | ptc_loss: 0.2304 | seg_loss: 0.1965 | sim_loss: 0.1991
2023-09-27 05:42:22,951 - train_toco_v6_4_17.py - INFO: 
Iter: 19000; Elasped: 7:52:03; ETA: 0:24:50; LR: 4.051e-06; cls_loss: 0.1274 | ptc_loss: 0.2509 | seg_loss: 0.1775 | sim_loss: 0.2011
2023-09-27 05:47:00,122 - train_toco_v6_4_17.py - INFO: 
Iter: 19200; Elasped: 7:56:41; ETA: 0:19:51; LR: 3.315e-06; cls_loss: 0.1604 | ptc_loss: 0.2684 | seg_loss: 0.2063 | sim_loss: 0.2110
2023-09-27 05:51:36,024 - train_toco_v6_4_17.py - INFO: 
Iter: 19400; Elasped: 8:01:17; ETA: 0:14:53; LR: 2.560e-06; cls_loss: 0.1644 | ptc_loss: 0.2362 | seg_loss: 0.1900 | sim_loss: 0.2098
2023-09-27 05:56:11,606 - train_toco_v6_4_17.py - INFO: 
Iter: 19600; Elasped: 8:05:52; ETA: 0:09:54; LR: 1.779e-06; cls_loss: 0.1563 | ptc_loss: 0.2698 | seg_loss: 0.1598 | sim_loss: 0.2033
2023-09-27 06:00:45,545 - train_toco_v6_4_17.py - INFO: 
Iter: 19800; Elasped: 8:10:26; ETA: 0:04:57; LR: 9.552e-07; cls_loss: 0.1536 | ptc_loss: 0.2699 | seg_loss: 0.1935 | sim_loss: 0.2101
2023-09-27 06:05:18,586 - train_toco_v6_4_17.py - INFO: 
Iter: 20000; Elasped: 8:14:59; ETA: 0:00:00; LR: 8.077e-09; cls_loss: 0.1514 | ptc_loss: 0.2701 | seg_loss: 0.1837 | sim_loss: 0.1892
2023-09-27 06:05:19,421 - train_toco_v6_4_17.py - INFO: Validating...
2023-09-27 06:14:44,003 - train_toco_v6_4_17.py - INFO: val cls score of branch #1: 0.912778
2023-09-27 06:14:44,004 - train_toco_v6_4_17.py - INFO: val cls score of branch #2: 0.913310
2023-09-27 06:14:44,004 - train_toco_v6_4_17.py - INFO: 
+-----------+--------+-----------+--------+--------+-----------+--------+
|   Class   | CAM_1  | aux_CAM_1 | Seg_1  | CAM_2  | aux_CAM_2 | Seg_2  |
+===========+========+===========+========+========+===========+========+
| bg        | 91.447 | 86.363    | 90.711 | 91.394 | 87.187    | 90.938 |
+-----------+--------+-----------+--------+--------+-----------+--------+
| aeroplane | 80.400 | 77.702    | 80.351 | 80.115 | 75.728    | 80.623 |
+-----------+--------+-----------+--------+--------+-----------+--------+
| bicycle   | 41.603 | 35.206    | 38.836 | 41.167 | 36.135    | 39.158 |
+-----------+--------+-----------+--------+--------+-----------+--------+
| bird      | 74.898 | 66.781    | 68.161 | 69.651 | 53.198    | 72.689 |
+-----------+--------+-----------+--------+--------+-----------+--------+
| boat      | 70.147 | 50.854    | 63.959 | 69.877 | 59.919    | 65.016 |
+-----------+--------+-----------+--------+--------+-----------+--------+
| bottle    | 74.438 | 54.236    | 72.627 | 75.398 | 60.296    | 74.181 |
+-----------+--------+-----------+--------+--------+-----------+--------+
| bus       | 87.803 | 72.263    | 87.678 | 88.492 | 74.614    | 86.986 |
+-----------+--------+-----------+--------+--------+-----------+--------+
| car       | 83.710 | 68.522    | 80.432 | 84.643 | 69.491    | 81.742 |
+-----------+--------+-----------+--------+--------+-----------+--------+
| cat       | 87.789 | 62.988    | 88.132 | 89.772 | 72.571    | 87.889 |
+-----------+--------+-----------+--------+--------+-----------+--------+
| chair     | 43.702 | 37.826    | 28.987 | 44.326 | 41.184    | 26.658 |
+-----------+--------+-----------+--------+--------+-----------+--------+
| cow       | 84.089 | 52.686    | 82.060 | 86.349 | 52.470    | 85.131 |
+-----------+--------+-----------+--------+--------+-----------+--------+
| table     | 52.030 | 54.454    | 50.142 | 52.534 | 50.013    | 48.612 |
+-----------+--------+-----------+--------+--------+-----------+--------+
| dog       | 87.628 | 71.685    | 81.916 | 89.356 | 75.314    | 83.968 |
+-----------+--------+-----------+--------+--------+-----------+--------+
| horse     | 84.270 | 66.225    | 78.247 | 84.979 | 70.618    | 79.776 |
+-----------+--------+-----------+--------+--------+-----------+--------+
| motorbike | 80.213 | 69.955    | 79.601 | 81.065 | 68.002    | 79.236 |
+-----------+--------+-----------+--------+--------+-----------+--------+
| person    | 79.877 | 60.530    | 79.459 | 79.541 | 76.331    | 79.962 |
+-----------+--------+-----------+--------+--------+-----------+--------+
| plant     | 59.698 | 56.546    | 54.331 | 66.262 | 64.577    | 58.225 |
+-----------+--------+-----------+--------+--------+-----------+--------+
| sheep     | 87.449 | 60.400    | 83.411 | 88.047 | 65.471    | 86.571 |
+-----------+--------+-----------+--------+--------+-----------+--------+
| sofa      | 63.557 | 63.459    | 47.470 | 64.394 | 67.873    | 47.936 |
+-----------+--------+-----------+--------+--------+-----------+--------+
| train     | 61.173 | 50.674    | 60.970 | 62.385 | 50.520    | 61.906 |
+-----------+--------+-----------+--------+--------+-----------+--------+
| tvmonitor | 55.590 | 59.398    | 51.694 | 54.704 | 51.507    | 50.475 |
+-----------+--------+-----------+--------+--------+-----------+--------+
| mIoU      | 72.929 | 60.893    | 69.008 | 73.545 | 63.001    | 69.889 |
+-----------+--------+-----------+--------+--------+-----------+--------+
